{"C:\\Users\\Web Dev\\Documents\\GitHub\\grocify\\components\\ImageRenderer.tsx": {"path":"C:\\Users\\Web Dev\\Documents\\GitHub\\grocify\\components\\ImageRenderer.tsx","statementMap":{"0":{"start":{"line":28,"column":16},"end":{"line":28,"column":26}},"1":{"start":{"line":29,"column":21},"end":{"line":29,"column":36}},"2":{"start":{"line":38,"column":6},"end":{"line":38,"column":11}},"3":{"start":{"line":39,"column":22},"end":{"line":39,"column":79}},"4":{"start":{"line":40,"column":32},"end":{"line":40,"column":47}},"5":{"start":{"line":41,"column":20},"end":{"line":41,"column":78}},"6":{"start":{"line":41,"column":34},"end":{"line":41,"column":69}},"7":{"start":{"line":43,"column":23},"end":{"line":47,"column":55}},"8":{"start":{"line":44,"column":4},"end":{"line":44,"column":48}},"9":{"start":{"line":44,"column":41},"end":{"line":44,"column":48}},"10":{"start":{"line":46,"column":4},"end":{"line":46,"column":64}},"11":{"start":{"line":49,"column":2},"end":{"line":89,"column":4}},"12":{"start":{"line":84,"column":27},"end":{"line":84,"column":43}}},"fnMap":{"0":{"name":"ImageRenderer","decl":{"start":{"line":27,"column":16},"end":{"line":27,"column":29}},"loc":{"start":{"line":27,"column":57},"end":{"line":90,"column":1}},"line":27},"1":{"name":"(anonymous_1)","decl":{"start":{"line":41,"column":28},"end":{"line":41,"column":29}},"loc":{"start":{"line":41,"column":34},"end":{"line":41,"column":69}},"line":41},"2":{"name":"(anonymous_2)","decl":{"start":{"line":43,"column":35},"end":{"line":43,"column":36}},"loc":{"start":{"line":43,"column":41},"end":{"line":47,"column":3}},"line":43},"3":{"name":"(anonymous_3)","decl":{"start":{"line":84,"column":21},"end":{"line":84,"column":22}},"loc":{"start":{"line":84,"column":27},"end":{"line":84,"column":43}},"line":84}},"branchMap":{"0":{"loc":{"start":{"line":33,"column":4},"end":{"line":33,"column":24}},"type":"default-arg","locations":[{"start":{"line":33,"column":18},"end":{"line":33,"column":24}}],"line":33},"1":{"loc":{"start":{"line":34,"column":4},"end":{"line":34,"column":76}},"type":"default-arg","locations":[{"start":{"line":34,"column":28},"end":{"line":34,"column":76}}],"line":34},"2":{"loc":{"start":{"line":35,"column":4},"end":{"line":35,"column":79}},"type":"default-arg","locations":[{"start":{"line":35,"column":13},"end":{"line":35,"column":79}}],"line":35},"3":{"loc":{"start":{"line":36,"column":4},"end":{"line":36,"column":40}},"type":"default-arg","locations":[{"start":{"line":36,"column":12},"end":{"line":36,"column":40}}],"line":36},"4":{"loc":{"start":{"line":37,"column":4},"end":{"line":37,"column":26}},"type":"default-arg","locations":[{"start":{"line":37,"column":21},"end":{"line":37,"column":26}}],"line":37},"5":{"loc":{"start":{"line":39,"column":22},"end":{"line":39,"column":79}},"type":"cond-expr","locations":[{"start":{"line":39,"column":39},"end":{"line":39,"column":75}},{"start":{"line":39,"column":78},"end":{"line":39,"column":79}}],"line":39},"6":{"loc":{"start":{"line":44,"column":4},"end":{"line":44,"column":48}},"type":"if","locations":[{"start":{"line":44,"column":4},"end":{"line":44,"column":48}},{"start":{},"end":{}}],"line":44},"7":{"loc":{"start":{"line":44,"column":8},"end":{"line":44,"column":39}},"type":"binary-expr","locations":[{"start":{"line":44,"column":8},"end":{"line":44,"column":30}},{"start":{"line":44,"column":34},"end":{"line":44,"column":39}}],"line":44},"8":{"loc":{"start":{"line":51,"column":7},"end":{"line":87,"column":7}},"type":"cond-expr","locations":[{"start":{"line":52,"column":8},"end":{"line":67,"column":15}},{"start":{"line":69,"column":8},"end":{"line":86,"column":22}}],"line":51},"9":{"loc":{"start":{"line":51,"column":7},"end":{"line":51,"column":41}},"type":"binary-expr","locations":[{"start":{"line":51,"column":8},"end":{"line":51,"column":15}},{"start":{"line":51,"column":19},"end":{"line":51,"column":29}},{"start":{"line":51,"column":34},"end":{"line":51,"column":41}}],"line":51},"10":{"loc":{"start":{"line":83,"column":20},"end":{"line":83,"column":39}},"type":"binary-expr","locations":[{"start":{"line":83,"column":20},"end":{"line":83,"column":26}},{"start":{"line":83,"column":30},"end":{"line":83,"column":39}}],"line":83}},"s":{"0":0,"1":0,"2":0,"3":0,"4":0,"5":0,"6":0,"7":0,"8":0,"9":0,"10":0,"11":0,"12":0},"f":{"0":0,"1":0,"2":0,"3":0},"b":{"0":[0],"1":[0],"2":[0],"3":[0],"4":[0],"5":[0,0],"6":[0,0],"7":[0,0],"8":[0,0],"9":[0,0,0],"10":[0,0]},"_coverageSchema":"1a1c01bbd47fc00a2c39e90264f33305004495a9","hash":"a7b8b0376e5190dbc76afe6284f665c058d7ffc8"}
,"C:\\Users\\Web Dev\\Documents\\GitHub\\grocify\\components\\StyledText.tsx": {"path":"C:\\Users\\Web Dev\\Documents\\GitHub\\grocify\\components\\StyledText.tsx","statementMap":{"0":{"start":{"line":4,"column":2},"end":{"line":4,"column":80}}},"fnMap":{"0":{"name":"MonoText","decl":{"start":{"line":3,"column":16},"end":{"line":3,"column":24}},"loc":{"start":{"line":3,"column":43},"end":{"line":5,"column":1}},"line":3}},"branchMap":{},"s":{"0":1},"f":{"0":1},"b":{},"_coverageSchema":"1a1c01bbd47fc00a2c39e90264f33305004495a9","hash":"e8165ebdf4bac3c62b66d9eda9b4f997f42595c4"}
,"C:\\Users\\Web Dev\\Documents\\GitHub\\grocify\\components\\Themed.tsx": {"path":"C:\\Users\\Web Dev\\Documents\\GitHub\\grocify\\components\\Themed.tsx","statementMap":{"0":{"start":{"line":24,"column":16},"end":{"line":24,"column":43}},"1":{"start":{"line":25,"column":25},"end":{"line":25,"column":37}},"2":{"start":{"line":27,"column":2},"end":{"line":31,"column":3}},"3":{"start":{"line":28,"column":4},"end":{"line":28,"column":26}},"4":{"start":{"line":30,"column":4},"end":{"line":30,"column":36}},"5":{"start":{"line":35,"column":58},"end":{"line":35,"column":63}},"6":{"start":{"line":36,"column":16},"end":{"line":36,"column":77}},"7":{"start":{"line":38,"column":2},"end":{"line":38,"column":68}},"8":{"start":{"line":42,"column":58},"end":{"line":42,"column":63}},"9":{"start":{"line":43,"column":26},"end":{"line":46,"column":3}},"10":{"start":{"line":48,"column":2},"end":{"line":48,"column":78}}},"fnMap":{"0":{"name":"useThemeColor","decl":{"start":{"line":20,"column":16},"end":{"line":20,"column":29}},"loc":{"start":{"line":23,"column":2},"end":{"line":32,"column":1}},"line":23},"1":{"name":"Text","decl":{"start":{"line":34,"column":16},"end":{"line":34,"column":20}},"loc":{"start":{"line":34,"column":39},"end":{"line":39,"column":1}},"line":34},"2":{"name":"View","decl":{"start":{"line":41,"column":16},"end":{"line":41,"column":20}},"loc":{"start":{"line":41,"column":39},"end":{"line":49,"column":1}},"line":41}},"branchMap":{"0":{"loc":{"start":{"line":24,"column":16},"end":{"line":24,"column":43}},"type":"binary-expr","locations":[{"start":{"line":24,"column":16},"end":{"line":24,"column":32}},{"start":{"line":24,"column":36},"end":{"line":24,"column":43}}],"line":24},"1":{"loc":{"start":{"line":27,"column":2},"end":{"line":31,"column":3}},"type":"if","locations":[{"start":{"line":27,"column":2},"end":{"line":31,"column":3}},{"start":{"line":29,"column":9},"end":{"line":31,"column":3}}],"line":27}},"s":{"0":1,"1":1,"2":1,"3":0,"4":1,"5":1,"6":1,"7":1,"8":0,"9":0,"10":0},"f":{"0":1,"1":1,"2":0},"b":{"0":[1,0],"1":[0,1]},"_coverageSchema":"1a1c01bbd47fc00a2c39e90264f33305004495a9","hash":"d7195071c1422afde0a051c58b99d0611ccabdd0"}
,"C:\\Users\\Web Dev\\Documents\\GitHub\\grocify\\components\\hooks\\useColorScheme.ts": {"path":"C:\\Users\\Web Dev\\Documents\\GitHub\\grocify\\components\\hooks\\useColorScheme.ts","statementMap":{},"fnMap":{},"branchMap":{},"s":{},"f":{},"b":{},"_coverageSchema":"1a1c01bbd47fc00a2c39e90264f33305004495a9","hash":"8fc3a16a876ea40a46bee54e6b4d0b1b40d60e93"}
,"C:\\Users\\Web Dev\\Documents\\GitHub\\grocify\\components\\lists\\sorters.ts": {"path":"C:\\Users\\Web Dev\\Documents\\GitHub\\grocify\\components\\lists\\sorters.ts","statementMap":{"0":{"start":{"line":25,"column":69},"end":{"line":37,"column":1}},"1":{"start":{"line":44,"column":2},"end":{"line":74,"column":4}},"2":{"start":{"line":45,"column":22},"end":{"line":45,"column":74}},"3":{"start":{"line":46,"column":19},"end":{"line":46,"column":62}},"4":{"start":{"line":47,"column":4},"end":{"line":66,"column":5}},"5":{"start":{"line":52,"column":6},"end":{"line":52,"column":48}},"6":{"start":{"line":53,"column":6},"end":{"line":53,"column":42}},"7":{"start":{"line":54,"column":6},"end":{"line":65,"column":7}},"8":{"start":{"line":59,"column":8},"end":{"line":59,"column":46}},"9":{"start":{"line":60,"column":8},"end":{"line":60,"column":40}},"10":{"start":{"line":61,"column":13},"end":{"line":65,"column":7}},"11":{"start":{"line":68,"column":25},"end":{"line":68,"column":59}},"12":{"start":{"line":69,"column":4},"end":{"line":69,"column":63}},"13":{"start":{"line":69,"column":34},"end":{"line":69,"column":63}},"14":{"start":{"line":70,"column":4},"end":{"line":70,"column":63}},"15":{"start":{"line":70,"column":34},"end":{"line":70,"column":63}},"16":{"start":{"line":71,"column":4},"end":{"line":71,"column":43}},"17":{"start":{"line":71,"column":34},"end":{"line":71,"column":43}},"18":{"start":{"line":72,"column":4},"end":{"line":72,"column":61}},"19":{"start":{"line":72,"column":32},"end":{"line":72,"column":61}},"20":{"start":{"line":73,"column":4},"end":{"line":73,"column":33}}},"fnMap":{"0":{"name":"getSorter","decl":{"start":{"line":39,"column":16},"end":{"line":39,"column":25}},"loc":{"start":{"line":43,"column":2},"end":{"line":75,"column":1}},"line":43},"1":{"name":"(anonymous_1)","decl":{"start":{"line":44,"column":9},"end":{"line":44,"column":10}},"loc":{"start":{"line":44,"column":38},"end":{"line":74,"column":3}},"line":44}},"branchMap":{"0":{"loc":{"start":{"line":41,"column":2},"end":{"line":41,"column":39}},"type":"default-arg","locations":[{"start":{"line":41,"column":27},"end":{"line":41,"column":39}}],"line":41},"1":{"loc":{"start":{"line":42,"column":2},"end":{"line":42,"column":44}},"type":"default-arg","locations":[{"start":{"line":42,"column":25},"end":{"line":42,"column":44}}],"line":42},"2":{"loc":{"start":{"line":45,"column":22},"end":{"line":45,"column":74}},"type":"cond-expr","locations":[{"start":{"line":45,"column":52},"end":{"line":45,"column":64}},{"start":{"line":45,"column":67},"end":{"line":45,"column":74}}],"line":45},"3":{"loc":{"start":{"line":46,"column":19},"end":{"line":46,"column":62}},"type":"cond-expr","locations":[{"start":{"line":46,"column":46},"end":{"line":46,"column":55}},{"start":{"line":46,"column":58},"end":{"line":46,"column":62}}],"line":46},"4":{"loc":{"start":{"line":47,"column":4},"end":{"line":66,"column":5}},"type":"if","locations":[{"start":{"line":47,"column":4},"end":{"line":66,"column":5}},{"start":{},"end":{}}],"line":47},"5":{"loc":{"start":{"line":48,"column":6},"end":{"line":50,"column":49}},"type":"binary-expr","locations":[{"start":{"line":48,"column":6},"end":{"line":48,"column":20}},{"start":{"line":49,"column":6},"end":{"line":49,"column":52}},{"start":{"line":50,"column":6},"end":{"line":50,"column":49}}],"line":48},"6":{"loc":{"start":{"line":54,"column":6},"end":{"line":65,"column":7}},"type":"if","locations":[{"start":{"line":54,"column":6},"end":{"line":65,"column":7}},{"start":{"line":61,"column":13},"end":{"line":65,"column":7}}],"line":54},"7":{"loc":{"start":{"line":55,"column":8},"end":{"line":57,"column":33}},"type":"binary-expr","locations":[{"start":{"line":55,"column":8},"end":{"line":55,"column":31}},{"start":{"line":56,"column":8},"end":{"line":56,"column":30}},{"start":{"line":57,"column":8},"end":{"line":57,"column":33}}],"line":55},"8":{"loc":{"start":{"line":61,"column":13},"end":{"line":65,"column":7}},"type":"if","locations":[{"start":{"line":61,"column":13},"end":{"line":65,"column":7}},{"start":{},"end":{}}],"line":61},"9":{"loc":{"start":{"line":69,"column":4},"end":{"line":69,"column":63}},"type":"if","locations":[{"start":{"line":69,"column":4},"end":{"line":69,"column":63}},{"start":{},"end":{}}],"line":69},"10":{"loc":{"start":{"line":69,"column":8},"end":{"line":69,"column":32}},"type":"binary-expr","locations":[{"start":{"line":69,"column":8},"end":{"line":69,"column":20}},{"start":{"line":69,"column":24},"end":{"line":69,"column":32}}],"line":69},"11":{"loc":{"start":{"line":69,"column":41},"end":{"line":69,"column":62}},"type":"cond-expr","locations":[{"start":{"line":69,"column":56},"end":{"line":69,"column":57}},{"start":{"line":69,"column":60},"end":{"line":69,"column":62}}],"line":69},"12":{"loc":{"start":{"line":70,"column":4},"end":{"line":70,"column":63}},"type":"if","locations":[{"start":{"line":70,"column":4},"end":{"line":70,"column":63}},{"start":{},"end":{}}],"line":70},"13":{"loc":{"start":{"line":70,"column":8},"end":{"line":70,"column":32}},"type":"binary-expr","locations":[{"start":{"line":70,"column":8},"end":{"line":70,"column":19}},{"start":{"line":70,"column":23},"end":{"line":70,"column":32}}],"line":70},"14":{"loc":{"start":{"line":70,"column":41},"end":{"line":70,"column":62}},"type":"cond-expr","locations":[{"start":{"line":70,"column":56},"end":{"line":70,"column":58}},{"start":{"line":70,"column":61},"end":{"line":70,"column":62}}],"line":70},"15":{"loc":{"start":{"line":71,"column":4},"end":{"line":71,"column":43}},"type":"if","locations":[{"start":{"line":71,"column":4},"end":{"line":71,"column":43}},{"start":{},"end":{}}],"line":71},"16":{"loc":{"start":{"line":72,"column":4},"end":{"line":72,"column":61}},"type":"if","locations":[{"start":{"line":72,"column":4},"end":{"line":72,"column":61}},{"start":{},"end":{}}],"line":72},"17":{"loc":{"start":{"line":72,"column":39},"end":{"line":72,"column":60}},"type":"cond-expr","locations":[{"start":{"line":72,"column":54},"end":{"line":72,"column":56}},{"start":{"line":72,"column":59},"end":{"line":72,"column":60}}],"line":72},"18":{"loc":{"start":{"line":73,"column":11},"end":{"line":73,"column":32}},"type":"cond-expr","locations":[{"start":{"line":73,"column":26},"end":{"line":73,"column":27}},{"start":{"line":73,"column":30},"end":{"line":73,"column":32}}],"line":73}},"s":{"0":9,"1":0,"2":0,"3":0,"4":0,"5":0,"6":0,"7":0,"8":0,"9":0,"10":0,"11":0,"12":0,"13":0,"14":0,"15":0,"16":0,"17":0,"18":0,"19":0,"20":0},"f":{"0":0,"1":0},"b":{"0":[0],"1":[0],"2":[0,0],"3":[0,0],"4":[0,0],"5":[0,0,0],"6":[0,0],"7":[0,0,0],"8":[0,0],"9":[0,0],"10":[0,0],"11":[0,0],"12":[0,0],"13":[0,0],"14":[0,0],"15":[0,0],"16":[0,0],"17":[0,0],"18":[0,0]},"_coverageSchema":"1a1c01bbd47fc00a2c39e90264f33305004495a9","hash":"ef0f928ced2414cb21651a2f8093afce26dbb74c"}
,"C:\\Users\\Web Dev\\Documents\\GitHub\\grocify\\components\\mocks\\constants.ts": {"path":"C:\\Users\\Web Dev\\Documents\\GitHub\\grocify\\components\\mocks\\constants.ts","statementMap":{"0":{"start":{"line":3,"column":25},"end":{"line":8,"column":1}},"1":{"start":{"line":10,"column":33},"end":{"line":116,"column":46}}},"fnMap":{},"branchMap":{},"s":{"0":2,"1":2},"f":{},"b":{},"_coverageSchema":"1a1c01bbd47fc00a2c39e90264f33305004495a9","hash":"147fc62fd0ef21a211d02f39b484423229761365"}
,"C:\\Users\\Web Dev\\Documents\\GitHub\\grocify\\components\\mocks\\helpers.ts": {"path":"C:\\Users\\Web Dev\\Documents\\GitHub\\grocify\\components\\mocks\\helpers.ts","statementMap":{"0":{"start":{"line":18,"column":19},"end":{"line":28,"column":1}},"1":{"start":{"line":30,"column":20},"end":{"line":44,"column":1}},"2":{"start":{"line":47,"column":17},"end":{"line":47,"column":50}},"3":{"start":{"line":48,"column":22},"end":{"line":48,"column":63}},"4":{"start":{"line":49,"column":2},"end":{"line":49,"column":43}},"5":{"start":{"line":54,"column":2},"end":{"line":56,"column":3}},"6":{"start":{"line":55,"column":4},"end":{"line":55,"column":61}},"7":{"start":{"line":60,"column":20},"end":{"line":60,"column":57}},"8":{"start":{"line":61,"column":2},"end":{"line":61,"column":19}},"9":{"start":{"line":65,"column":2},"end":{"line":82,"column":4}},"10":{"start":{"line":86,"column":19},"end":{"line":88,"column":44}},"11":{"start":{"line":90,"column":2},"end":{"line":109,"column":4}},"12":{"start":{"line":104,"column":24},"end":{"line":104,"column":62}},"13":{"start":{"line":105,"column":6},"end":{"line":105,"column":75}},"14":{"start":{"line":105,"column":43},"end":{"line":105,"column":75}},"15":{"start":{"line":106,"column":6},"end":{"line":106,"column":34}}},"fnMap":{"0":{"name":"getRandomEnumValue","decl":{"start":{"line":46,"column":16},"end":{"line":46,"column":34}},"loc":{"start":{"line":46,"column":59},"end":{"line":50,"column":1}},"line":46},"1":{"name":"getRandomInt","decl":{"start":{"line":52,"column":16},"end":{"line":52,"column":28}},"loc":{"start":{"line":52,"column":55},"end":{"line":62,"column":1}},"line":52},"2":{"name":"getRandomStoreSpecificValues","decl":{"start":{"line":64,"column":16},"end":{"line":64,"column":44}},"loc":{"start":{"line":64,"column":68},"end":{"line":83,"column":1}},"line":64},"3":{"name":"getRandomItem","decl":{"start":{"line":85,"column":16},"end":{"line":85,"column":29}},"loc":{"start":{"line":85,"column":68},"end":{"line":110,"column":1}},"line":85},"4":{"name":"(anonymous_4)","decl":{"start":{"line":103,"column":45},"end":{"line":103,"column":46}},"loc":{"start":{"line":103,"column":55},"end":{"line":107,"column":5}},"line":103}},"branchMap":{"0":{"loc":{"start":{"line":54,"column":2},"end":{"line":56,"column":3}},"type":"if","locations":[{"start":{"line":54,"column":2},"end":{"line":56,"column":3}},{"start":{},"end":{}}],"line":54},"1":{"loc":{"start":{"line":103,"column":24},"end":{"line":103,"column":38}},"type":"binary-expr","locations":[{"start":{"line":103,"column":24},"end":{"line":103,"column":32}},{"start":{"line":103,"column":36},"end":{"line":103,"column":38}}],"line":103},"2":{"loc":{"start":{"line":105,"column":6},"end":{"line":105,"column":75}},"type":"if","locations":[{"start":{"line":105,"column":6},"end":{"line":105,"column":75}},{"start":{},"end":{}}],"line":105}},"s":{"0":2,"1":2,"2":25633,"3":25633,"4":25633,"5":10000,"6":0,"7":10000,"8":10000,"9":0,"10":2000,"11":2000,"12":23633,"13":23633,"14":1272,"15":23633},"f":{"0":25633,"1":10000,"2":0,"3":2000,"4":23633},"b":{"0":[0,10000],"1":[2000,0],"2":[1272,22361]},"_coverageSchema":"1a1c01bbd47fc00a2c39e90264f33305004495a9","hash":"a53e86a90c3c472431bd75b3099e9fdddd45ec8a"}
,"C:\\Users\\Web Dev\\Documents\\GitHub\\grocify\\components\\mocks\\itemsList.ts": {"path":"C:\\Users\\Web Dev\\Documents\\GitHub\\grocify\\components\\mocks\\itemsList.ts","statementMap":{"0":{"start":{"line":1,"column":31},"end":{"line":2086,"column":1}}},"fnMap":{},"branchMap":{},"s":{"0":1},"f":{},"b":{},"_coverageSchema":"1a1c01bbd47fc00a2c39e90264f33305004495a9","hash":"633d0a7d63ae54048a26fed643cdb5af03042438"}
,"C:\\Users\\Web Dev\\Documents\\GitHub\\grocify\\components\\mocks\\mockStores.ts": {"path":"C:\\Users\\Web Dev\\Documents\\GitHub\\grocify\\components\\mocks\\mockStores.ts","statementMap":{"0":{"start":{"line":5,"column":2},"end":{"line":17,"column":22}},"1":{"start":{"line":20,"column":27},"end":{"line":61,"column":22}}},"fnMap":{"0":{"name":"getRemainingData","decl":{"start":{"line":4,"column":9},"end":{"line":4,"column":25}},"loc":{"start":{"line":4,"column":28},"end":{"line":18,"column":1}},"line":4}},"branchMap":{},"s":{"0":20,"1":4},"f":{"0":20},"b":{},"_coverageSchema":"1a1c01bbd47fc00a2c39e90264f33305004495a9","hash":"235c9c516c75529452aea26aaa06b0b6b4d0f919"}
,"C:\\Users\\Web Dev\\Documents\\GitHub\\grocify\\components\\mocks\\processedGroceryList.ts": {"path":"C:\\Users\\Web Dev\\Documents\\GitHub\\grocify\\components\\mocks\\processedGroceryList.ts","statementMap":{"0":{"start":{"line":3,"column":65},"end":{"line":14,"column":1}}},"fnMap":{},"branchMap":{},"s":{"0":1},"f":{},"b":{},"_coverageSchema":"1a1c01bbd47fc00a2c39e90264f33305004495a9","hash":"cd38ff3d81379ff1559a908e33f7d4282aaaefd2"}
,"C:\\Users\\Web Dev\\Documents\\GitHub\\grocify\\components\\services\\AbstractService.ts": {"path":"C:\\Users\\Web Dev\\Documents\\GitHub\\grocify\\components\\services\\AbstractService.ts","statementMap":{"0":{"start":{"line":14,"column":4},"end":{"line":14,"column":28}},"1":{"start":{"line":22,"column":4},"end":{"line":30,"column":5}},"2":{"start":{"line":23,"column":6},"end":{"line":25,"column":7}},"3":{"start":{"line":24,"column":8},"end":{"line":24,"column":47}},"4":{"start":{"line":26,"column":6},"end":{"line":26,"column":18}},"5":{"start":{"line":28,"column":6},"end":{"line":28,"column":42}},"6":{"start":{"line":29,"column":6},"end":{"line":29,"column":19}},"7":{"start":{"line":47,"column":8},"end":{"line":47,"column":21}},"8":{"start":{"line":49,"column":4},"end":{"line":101,"column":5}},"9":{"start":{"line":50,"column":6},"end":{"line":52,"column":7}},"10":{"start":{"line":51,"column":8},"end":{"line":51,"column":41}},"11":{"start":{"line":54,"column":25},"end":{"line":54,"column":46}},"12":{"start":{"line":55,"column":25},"end":{"line":55,"column":35}},"13":{"start":{"line":56,"column":26},"end":{"line":56,"column":37}},"14":{"start":{"line":57,"column":18},"end":{"line":57,"column":86}},"15":{"start":{"line":58,"column":30},"end":{"line":68,"column":7}},"16":{"start":{"line":70,"column":6},"end":{"line":70,"column":57}},"17":{"start":{"line":71,"column":24},"end":{"line":74,"column":7}},"18":{"start":{"line":72,"column":14},"end":{"line":72,"column":32}},"19":{"start":{"line":75,"column":23},"end":{"line":75,"column":56}},"20":{"start":{"line":76,"column":6},"end":{"line":76,"column":30}},"21":{"start":{"line":78,"column":21},"end":{"line":78,"column":49}},"22":{"start":{"line":79,"column":6},"end":{"line":92,"column":7}},"23":{"start":{"line":80,"column":8},"end":{"line":80,"column":22}},"24":{"start":{"line":82,"column":29},"end":{"line":84,"column":60}},"25":{"start":{"line":85,"column":8},"end":{"line":91,"column":9}},"26":{"start":{"line":86,"column":10},"end":{"line":90,"column":12}},"27":{"start":{"line":94,"column":6},"end":{"line":98,"column":7}},"28":{"start":{"line":95,"column":8},"end":{"line":95,"column":62}},"29":{"start":{"line":97,"column":8},"end":{"line":97,"column":25}},"30":{"start":{"line":100,"column":6},"end":{"line":100,"column":41}},"31":{"start":{"line":102,"column":4},"end":{"line":102,"column":16}}},"fnMap":{"0":{"name":"(anonymous_0)","decl":{"start":{"line":13,"column":2},"end":{"line":13,"column":3}},"loc":{"start":{"line":13,"column":31},"end":{"line":15,"column":3}},"line":13},"1":{"name":"(anonymous_1)","decl":{"start":{"line":17,"column":2},"end":{"line":17,"column":3}},"loc":{"start":{"line":21,"column":4},"end":{"line":31,"column":3}},"line":21},"2":{"name":"(anonymous_2)","decl":{"start":{"line":36,"column":2},"end":{"line":36,"column":3}},"loc":{"start":{"line":36,"column":60},"end":{"line":103,"column":3}},"line":36},"3":{"name":"(anonymous_3)","decl":{"start":{"line":72,"column":8},"end":{"line":72,"column":9}},"loc":{"start":{"line":72,"column":14},"end":{"line":72,"column":32}},"line":72}},"branchMap":{"0":{"loc":{"start":{"line":23,"column":6},"end":{"line":25,"column":7}},"type":"if","locations":[{"start":{"line":23,"column":6},"end":{"line":25,"column":7}},{"start":{},"end":{}}],"line":23},"1":{"loc":{"start":{"line":23,"column":10},"end":{"line":23,"column":30}},"type":"binary-expr","locations":[{"start":{"line":23,"column":10},"end":{"line":23,"column":17}},{"start":{"line":23,"column":21},"end":{"line":23,"column":30}}],"line":23},"2":{"loc":{"start":{"line":44,"column":6},"end":{"line":44,"column":25}},"type":"default-arg","locations":[{"start":{"line":44,"column":21},"end":{"line":44,"column":25}}],"line":44},"3":{"loc":{"start":{"line":45,"column":6},"end":{"line":45,"column":27}},"type":"default-arg","locations":[{"start":{"line":45,"column":23},"end":{"line":45,"column":27}}],"line":45},"4":{"loc":{"start":{"line":46,"column":6},"end":{"line":46,"column":29}},"type":"default-arg","locations":[{"start":{"line":46,"column":24},"end":{"line":46,"column":29}}],"line":46},"5":{"loc":{"start":{"line":50,"column":6},"end":{"line":52,"column":7}},"type":"if","locations":[{"start":{"line":50,"column":6},"end":{"line":52,"column":7}},{"start":{},"end":{}}],"line":50},"6":{"loc":{"start":{"line":57,"column":37},"end":{"line":57,"column":84}},"type":"cond-expr","locations":[{"start":{"line":57,"column":67},"end":{"line":57,"column":71}},{"start":{"line":57,"column":74},"end":{"line":57,"column":84}}],"line":57},"7":{"loc":{"start":{"line":70,"column":6},"end":{"line":70,"column":56}},"type":"binary-expr","locations":[{"start":{"line":70,"column":6},"end":{"line":70,"column":20}},{"start":{"line":70,"column":24},"end":{"line":70,"column":56}}],"line":70},"8":{"loc":{"start":{"line":79,"column":6},"end":{"line":92,"column":7}},"type":"if","locations":[{"start":{"line":79,"column":6},"end":{"line":92,"column":7}},{"start":{"line":81,"column":13},"end":{"line":92,"column":7}}],"line":79},"9":{"loc":{"start":{"line":82,"column":29},"end":{"line":84,"column":60}},"type":"cond-expr","locations":[{"start":{"line":83,"column":12},"end":{"line":83,"column":20}},{"start":{"line":84,"column":12},"end":{"line":84,"column":60}}],"line":82},"10":{"loc":{"start":{"line":85,"column":8},"end":{"line":91,"column":9}},"type":"if","locations":[{"start":{"line":85,"column":8},"end":{"line":91,"column":9}},{"start":{},"end":{}}],"line":85},"11":{"loc":{"start":{"line":85,"column":12},"end":{"line":85,"column":40}},"type":"binary-expr","locations":[{"start":{"line":85,"column":12},"end":{"line":85,"column":24}},{"start":{"line":85,"column":28},"end":{"line":85,"column":40}}],"line":85},"12":{"loc":{"start":{"line":94,"column":6},"end":{"line":98,"column":7}},"type":"if","locations":[{"start":{"line":94,"column":6},"end":{"line":98,"column":7}},{"start":{"line":96,"column":13},"end":{"line":98,"column":7}}],"line":94},"13":{"loc":{"start":{"line":95,"column":8},"end":{"line":95,"column":61}},"type":"binary-expr","locations":[{"start":{"line":95,"column":8},"end":{"line":95,"column":20}},{"start":{"line":95,"column":24},"end":{"line":95,"column":61}}],"line":95}},"s":{"0":10,"1":0,"2":0,"3":0,"4":0,"5":0,"6":0,"7":0,"8":0,"9":0,"10":0,"11":0,"12":0,"13":0,"14":0,"15":0,"16":0,"17":0,"18":0,"19":0,"20":0,"21":0,"22":0,"23":0,"24":0,"25":0,"26":0,"27":0,"28":0,"29":0,"30":0,"31":0},"f":{"0":10,"1":0,"2":0,"3":0},"b":{"0":[0,0],"1":[0,0],"2":[0],"3":[0],"4":[0],"5":[0,0],"6":[0,0],"7":[0,0],"8":[0,0],"9":[0,0],"10":[0,0],"11":[0,0],"12":[0,0],"13":[0,0]},"_coverageSchema":"1a1c01bbd47fc00a2c39e90264f33305004495a9","hash":"24c1078d371e9153ac30079cd57110e26bb52626"}
,"C:\\Users\\Web Dev\\Documents\\GitHub\\grocify\\components\\services\\BffService.ts": {"path":"C:\\Users\\Web Dev\\Documents\\GitHub\\grocify\\components\\services\\BffService.ts","statementMap":{"0":{"start":{"line":57,"column":2},"end":{"line":57,"column":59}},"1":{"start":{"line":64,"column":25},"end":{"line":64,"column":32}},"2":{"start":{"line":65,"column":35},"end":{"line":65,"column":54}},"3":{"start":{"line":66,"column":28},"end":{"line":66,"column":37}},"4":{"start":{"line":67,"column":26},"end":{"line":67,"column":34}},"5":{"start":{"line":68,"column":23},"end":{"line":68,"column":28}},"6":{"start":{"line":69,"column":25},"end":{"line":69,"column":32}},"7":{"start":{"line":71,"column":63},"end":{"line":74,"column":2}},"8":{"start":{"line":78,"column":4},"end":{"line":78,"column":27}},"9":{"start":{"line":79,"column":4},"end":{"line":84,"column":5}},"10":{"start":{"line":80,"column":6},"end":{"line":83,"column":9}},"11":{"start":{"line":88,"column":56},"end":{"line":88,"column":67}},"12":{"start":{"line":89,"column":4},"end":{"line":91,"column":5}},"13":{"start":{"line":90,"column":6},"end":{"line":90,"column":13}},"14":{"start":{"line":93,"column":17},"end":{"line":97,"column":6}},"15":{"start":{"line":98,"column":21},"end":{"line":107,"column":6}},"16":{"start":{"line":108,"column":4},"end":{"line":108,"column":20}},"17":{"start":{"line":112,"column":31},"end":{"line":112,"column":42}},"18":{"start":{"line":113,"column":4},"end":{"line":121,"column":5}},"19":{"start":{"line":114,"column":6},"end":{"line":119,"column":8}},"20":{"start":{"line":120,"column":6},"end":{"line":120,"column":13}},"21":{"start":{"line":122,"column":17},"end":{"line":122,"column":37}},"22":{"start":{"line":123,"column":21},"end":{"line":132,"column":6}},"23":{"start":{"line":133,"column":4},"end":{"line":133,"column":20}},"24":{"start":{"line":137,"column":32},"end":{"line":137,"column":43}},"25":{"start":{"line":138,"column":4},"end":{"line":146,"column":5}},"26":{"start":{"line":139,"column":6},"end":{"line":144,"column":8}},"27":{"start":{"line":145,"column":6},"end":{"line":145,"column":13}},"28":{"start":{"line":147,"column":29},"end":{"line":152,"column":6}},"29":{"start":{"line":153,"column":4},"end":{"line":153,"column":28}},"30":{"start":{"line":157,"column":52},"end":{"line":157,"column":63}},"31":{"start":{"line":158,"column":4},"end":{"line":158,"column":70}},"32":{"start":{"line":158,"column":63},"end":{"line":158,"column":70}},"33":{"start":{"line":159,"column":4},"end":{"line":159,"column":49}},"34":{"start":{"line":159,"column":42},"end":{"line":159,"column":49}},"35":{"start":{"line":160,"column":17},"end":{"line":164,"column":6}},"36":{"start":{"line":165,"column":25},"end":{"line":165,"column":43}},"37":{"start":{"line":166,"column":21},"end":{"line":175,"column":6}},"38":{"start":{"line":176,"column":4},"end":{"line":176,"column":20}},"39":{"start":{"line":180,"column":50},"end":{"line":180,"column":61}},"40":{"start":{"line":181,"column":4},"end":{"line":183,"column":5}},"41":{"start":{"line":182,"column":6},"end":{"line":182,"column":43}},"42":{"start":{"line":185,"column":16},"end":{"line":185,"column":62}},"43":{"start":{"line":185,"column":36},"end":{"line":185,"column":61}},"44":{"start":{"line":186,"column":22},"end":{"line":186,"column":36}},"45":{"start":{"line":187,"column":17},"end":{"line":187,"column":55}},"46":{"start":{"line":187,"column":37},"end":{"line":187,"column":54}},"47":{"start":{"line":188,"column":21},"end":{"line":203,"column":6}},"48":{"start":{"line":204,"column":4},"end":{"line":204,"column":20}},"49":{"start":{"line":208,"column":48},"end":{"line":208,"column":59}},"50":{"start":{"line":209,"column":4},"end":{"line":211,"column":5}},"51":{"start":{"line":210,"column":6},"end":{"line":210,"column":43}},"52":{"start":{"line":213,"column":22},"end":{"line":213,"column":36}},"53":{"start":{"line":214,"column":21},"end":{"line":223,"column":6}},"54":{"start":{"line":224,"column":4},"end":{"line":224,"column":20}},"55":{"start":{"line":228,"column":43},"end":{"line":228,"column":54}},"56":{"start":{"line":229,"column":4},"end":{"line":229,"column":70}},"57":{"start":{"line":229,"column":63},"end":{"line":229,"column":70}},"58":{"start":{"line":230,"column":17},"end":{"line":230,"column":53}},"59":{"start":{"line":231,"column":21},"end":{"line":240,"column":6}},"60":{"start":{"line":241,"column":4},"end":{"line":241,"column":20}},"61":{"start":{"line":245,"column":53},"end":{"line":245,"column":64}},"62":{"start":{"line":246,"column":4},"end":{"line":246,"column":70}},"63":{"start":{"line":246,"column":63},"end":{"line":246,"column":70}},"64":{"start":{"line":247,"column":17},"end":{"line":251,"column":6}},"65":{"start":{"line":252,"column":21},"end":{"line":261,"column":6}},"66":{"start":{"line":262,"column":4},"end":{"line":262,"column":20}},"67":{"start":{"line":266,"column":30},"end":{"line":266,"column":41}},"68":{"start":{"line":267,"column":4},"end":{"line":275,"column":5}},"69":{"start":{"line":268,"column":6},"end":{"line":273,"column":8}},"70":{"start":{"line":274,"column":6},"end":{"line":274,"column":13}},"71":{"start":{"line":276,"column":21},"end":{"line":281,"column":6}},"72":{"start":{"line":282,"column":4},"end":{"line":282,"column":20}},"73":{"start":{"line":286,"column":30},"end":{"line":286,"column":41}},"74":{"start":{"line":287,"column":4},"end":{"line":295,"column":5}},"75":{"start":{"line":288,"column":6},"end":{"line":293,"column":8}},"76":{"start":{"line":294,"column":6},"end":{"line":294,"column":13}},"77":{"start":{"line":296,"column":21},"end":{"line":301,"column":6}},"78":{"start":{"line":302,"column":4},"end":{"line":302,"column":20}},"79":{"start":{"line":306,"column":33},"end":{"line":306,"column":44}},"80":{"start":{"line":307,"column":21},"end":{"line":312,"column":6}},"81":{"start":{"line":313,"column":4},"end":{"line":313,"column":20}},"82":{"start":{"line":317,"column":33},"end":{"line":317,"column":44}},"83":{"start":{"line":319,"column":21},"end":{"line":324,"column":6}},"84":{"start":{"line":325,"column":4},"end":{"line":325,"column":20}},"85":{"start":{"line":329,"column":31},"end":{"line":329,"column":42}},"86":{"start":{"line":330,"column":4},"end":{"line":338,"column":5}},"87":{"start":{"line":331,"column":6},"end":{"line":336,"column":8}},"88":{"start":{"line":337,"column":6},"end":{"line":337,"column":13}},"89":{"start":{"line":339,"column":17},"end":{"line":339,"column":44}},"90":{"start":{"line":340,"column":24},"end":{"line":350,"column":6}},"91":{"start":{"line":351,"column":4},"end":{"line":351,"column":23}},"92":{"start":{"line":355,"column":43},"end":{"line":355,"column":48}},"93":{"start":{"line":356,"column":4},"end":{"line":356,"column":70}},"94":{"start":{"line":356,"column":63},"end":{"line":356,"column":70}},"95":{"start":{"line":357,"column":17},"end":{"line":360,"column":6}},"96":{"start":{"line":362,"column":21},"end":{"line":371,"column":6}},"97":{"start":{"line":372,"column":4},"end":{"line":372,"column":20}},"98":{"start":{"line":376,"column":21},"end":{"line":381,"column":6}},"99":{"start":{"line":382,"column":4},"end":{"line":382,"column":20}},"100":{"start":{"line":391,"column":50},"end":{"line":391,"column":61}},"101":{"start":{"line":393,"column":4},"end":{"line":398,"column":5}},"102":{"start":{"line":394,"column":6},"end":{"line":397,"column":8}},"103":{"start":{"line":400,"column":31},"end":{"line":400,"column":96}},"104":{"start":{"line":401,"column":21},"end":{"line":414,"column":6}},"105":{"start":{"line":415,"column":4},"end":{"line":415,"column":20}},"106":{"start":{"line":419,"column":64},"end":{"line":419,"column":69}},"107":{"start":{"line":420,"column":4},"end":{"line":420,"column":70}},"108":{"start":{"line":420,"column":63},"end":{"line":420,"column":70}},"109":{"start":{"line":422,"column":4},"end":{"line":428,"column":5}},"110":{"start":{"line":423,"column":6},"end":{"line":426,"column":9}},"111":{"start":{"line":427,"column":6},"end":{"line":427,"column":18}},"112":{"start":{"line":430,"column":30},"end":{"line":432,"column":5}},"113":{"start":{"line":431,"column":6},"end":{"line":431,"column":36}},"114":{"start":{"line":434,"column":31},"end":{"line":436,"column":5}},"115":{"start":{"line":435,"column":6},"end":{"line":435,"column":38}},"116":{"start":{"line":438,"column":17},"end":{"line":450,"column":27}},"117":{"start":{"line":452,"column":21},"end":{"line":461,"column":6}},"118":{"start":{"line":462,"column":4},"end":{"line":462,"column":20}},"119":{"start":{"line":474,"column":8},"end":{"line":474,"column":19}},"120":{"start":{"line":475,"column":4},"end":{"line":475,"column":70}},"121":{"start":{"line":475,"column":63},"end":{"line":475,"column":70}},"122":{"start":{"line":477,"column":4},"end":{"line":485,"column":5}},"123":{"start":{"line":478,"column":6},"end":{"line":483,"column":8}},"124":{"start":{"line":484,"column":6},"end":{"line":484,"column":18}},"125":{"start":{"line":487,"column":17},"end":{"line":495,"column":25}},"126":{"start":{"line":497,"column":4},"end":{"line":506,"column":7}},"127":{"start":{"line":516,"column":8},"end":{"line":516,"column":13}},"128":{"start":{"line":517,"column":4},"end":{"line":517,"column":70}},"129":{"start":{"line":517,"column":63},"end":{"line":517,"column":70}},"130":{"start":{"line":519,"column":4},"end":{"line":527,"column":5}},"131":{"start":{"line":520,"column":6},"end":{"line":525,"column":8}},"132":{"start":{"line":526,"column":6},"end":{"line":526,"column":13}},"133":{"start":{"line":529,"column":4},"end":{"line":529,"column":56}},"134":{"start":{"line":529,"column":24},"end":{"line":529,"column":54}},"135":{"start":{"line":531,"column":17},"end":{"line":536,"column":26}},"136":{"start":{"line":538,"column":21},"end":{"line":547,"column":6}},"137":{"start":{"line":548,"column":4},"end":{"line":548,"column":20}},"138":{"start":{"line":552,"column":61},"end":{"line":552,"column":72}},"139":{"start":{"line":553,"column":4},"end":{"line":553,"column":70}},"140":{"start":{"line":553,"column":63},"end":{"line":553,"column":70}},"141":{"start":{"line":555,"column":4},"end":{"line":563,"column":5}},"142":{"start":{"line":556,"column":6},"end":{"line":561,"column":8}},"143":{"start":{"line":562,"column":6},"end":{"line":562,"column":18}},"144":{"start":{"line":565,"column":17},"end":{"line":569,"column":29}},"145":{"start":{"line":571,"column":21},"end":{"line":580,"column":6}},"146":{"start":{"line":581,"column":4},"end":{"line":581,"column":20}},"147":{"start":{"line":585,"column":50},"end":{"line":585,"column":61}},"148":{"start":{"line":586,"column":4},"end":{"line":586,"column":70}},"149":{"start":{"line":586,"column":63},"end":{"line":586,"column":70}},"150":{"start":{"line":588,"column":4},"end":{"line":594,"column":5}},"151":{"start":{"line":589,"column":6},"end":{"line":592,"column":9}},"152":{"start":{"line":593,"column":6},"end":{"line":593,"column":18}},"153":{"start":{"line":596,"column":17},"end":{"line":600,"column":26}},"154":{"start":{"line":602,"column":21},"end":{"line":611,"column":6}},"155":{"start":{"line":612,"column":4},"end":{"line":612,"column":20}},"156":{"start":{"line":616,"column":43},"end":{"line":616,"column":54}},"157":{"start":{"line":617,"column":4},"end":{"line":617,"column":70}},"158":{"start":{"line":617,"column":63},"end":{"line":617,"column":70}},"159":{"start":{"line":619,"column":17},"end":{"line":619,"column":53}},"160":{"start":{"line":620,"column":21},"end":{"line":629,"column":6}},"161":{"start":{"line":630,"column":4},"end":{"line":630,"column":20}},"162":{"start":{"line":635,"column":21},"end":{"line":635,"column":35}},"163":{"start":{"line":636,"column":4},"end":{"line":636,"column":54}},"164":{"start":{"line":636,"column":38},"end":{"line":636,"column":54}},"165":{"start":{"line":637,"column":4},"end":{"line":648,"column":5}},"166":{"start":{"line":638,"column":6},"end":{"line":647,"column":7}},"167":{"start":{"line":639,"column":8},"end":{"line":639,"column":32}},"168":{"start":{"line":639,"column":23},"end":{"line":639,"column":32}},"169":{"start":{"line":640,"column":22},"end":{"line":642,"column":63}},"170":{"start":{"line":643,"column":8},"end":{"line":643,"column":31}},"171":{"start":{"line":644,"column":8},"end":{"line":646,"column":9}},"172":{"start":{"line":645,"column":10},"end":{"line":645,"column":34}},"173":{"start":{"line":649,"column":4},"end":{"line":649,"column":20}},"174":{"start":{"line":653,"column":21},"end":{"line":657,"column":13}},"175":{"start":{"line":658,"column":4},"end":{"line":658,"column":20}},"176":{"start":{"line":662,"column":21},"end":{"line":665,"column":14}},"177":{"start":{"line":666,"column":4},"end":{"line":666,"column":20}},"178":{"start":{"line":670,"column":27},"end":{"line":670,"column":43}}},"fnMap":{"0":{"name":"displayAlert","decl":{"start":{"line":56,"column":9},"end":{"line":56,"column":21}},"loc":{"start":{"line":56,"column":45},"end":{"line":58,"column":1}},"line":56},"1":{"name":"(anonymous_1)","decl":{"start":{"line":77,"column":2},"end":{"line":77,"column":3}},"loc":{"start":{"line":77,"column":16},"end":{"line":85,"column":3}},"line":77},"2":{"name":"(anonymous_2)","decl":{"start":{"line":87,"column":2},"end":{"line":87,"column":3}},"loc":{"start":{"line":87,"column":51},"end":{"line":109,"column":3}},"line":87},"3":{"name":"(anonymous_3)","decl":{"start":{"line":111,"column":2},"end":{"line":111,"column":3}},"loc":{"start":{"line":111,"column":73},"end":{"line":134,"column":3}},"line":111},"4":{"name":"(anonymous_4)","decl":{"start":{"line":136,"column":2},"end":{"line":136,"column":3}},"loc":{"start":{"line":136,"column":67},"end":{"line":154,"column":3}},"line":136},"5":{"name":"(anonymous_5)","decl":{"start":{"line":156,"column":2},"end":{"line":156,"column":3}},"loc":{"start":{"line":156,"column":53},"end":{"line":177,"column":3}},"line":156},"6":{"name":"(anonymous_6)","decl":{"start":{"line":179,"column":2},"end":{"line":179,"column":3}},"loc":{"start":{"line":179,"column":45},"end":{"line":205,"column":3}},"line":179},"7":{"name":"(anonymous_7)","decl":{"start":{"line":185,"column":26},"end":{"line":185,"column":27}},"loc":{"start":{"line":185,"column":36},"end":{"line":185,"column":61}},"line":185},"8":{"name":"(anonymous_8)","decl":{"start":{"line":187,"column":27},"end":{"line":187,"column":28}},"loc":{"start":{"line":187,"column":37},"end":{"line":187,"column":54}},"line":187},"9":{"name":"(anonymous_9)","decl":{"start":{"line":207,"column":2},"end":{"line":207,"column":3}},"loc":{"start":{"line":207,"column":47},"end":{"line":225,"column":3}},"line":207},"10":{"name":"(anonymous_10)","decl":{"start":{"line":227,"column":2},"end":{"line":227,"column":3}},"loc":{"start":{"line":227,"column":43},"end":{"line":242,"column":3}},"line":227},"11":{"name":"(anonymous_11)","decl":{"start":{"line":244,"column":2},"end":{"line":244,"column":3}},"loc":{"start":{"line":244,"column":56},"end":{"line":263,"column":3}},"line":244},"12":{"name":"(anonymous_12)","decl":{"start":{"line":265,"column":2},"end":{"line":265,"column":3}},"loc":{"start":{"line":265,"column":51},"end":{"line":283,"column":3}},"line":265},"13":{"name":"(anonymous_13)","decl":{"start":{"line":285,"column":2},"end":{"line":285,"column":3}},"loc":{"start":{"line":285,"column":50},"end":{"line":303,"column":3}},"line":285},"14":{"name":"(anonymous_14)","decl":{"start":{"line":305,"column":2},"end":{"line":305,"column":3}},"loc":{"start":{"line":305,"column":47},"end":{"line":314,"column":3}},"line":305},"15":{"name":"(anonymous_15)","decl":{"start":{"line":316,"column":2},"end":{"line":316,"column":3}},"loc":{"start":{"line":316,"column":49},"end":{"line":326,"column":3}},"line":316},"16":{"name":"(anonymous_16)","decl":{"start":{"line":328,"column":2},"end":{"line":328,"column":3}},"loc":{"start":{"line":328,"column":68},"end":{"line":352,"column":3}},"line":328},"17":{"name":"(anonymous_17)","decl":{"start":{"line":354,"column":2},"end":{"line":354,"column":3}},"loc":{"start":{"line":354,"column":49},"end":{"line":373,"column":3}},"line":354},"18":{"name":"(anonymous_18)","decl":{"start":{"line":375,"column":2},"end":{"line":375,"column":3}},"loc":{"start":{"line":375,"column":36},"end":{"line":383,"column":3}},"line":375},"19":{"name":"(anonymous_19)","decl":{"start":{"line":388,"column":2},"end":{"line":388,"column":3}},"loc":{"start":{"line":390,"column":41},"end":{"line":416,"column":3}},"line":390},"20":{"name":"(anonymous_20)","decl":{"start":{"line":418,"column":2},"end":{"line":418,"column":3}},"loc":{"start":{"line":418,"column":45},"end":{"line":463,"column":3}},"line":418},"21":{"name":"(anonymous_21)","decl":{"start":{"line":430,"column":50},"end":{"line":430,"column":51}},"loc":{"start":{"line":431,"column":6},"end":{"line":431,"column":36}},"line":431},"22":{"name":"(anonymous_22)","decl":{"start":{"line":434,"column":52},"end":{"line":434,"column":53}},"loc":{"start":{"line":435,"column":6},"end":{"line":435,"column":38}},"line":435},"23":{"name":"(anonymous_23)","decl":{"start":{"line":465,"column":2},"end":{"line":465,"column":3}},"loc":{"start":{"line":465,"column":39},"end":{"line":507,"column":3}},"line":465},"24":{"name":"(anonymous_24)","decl":{"start":{"line":509,"column":2},"end":{"line":509,"column":3}},"loc":{"start":{"line":509,"column":41},"end":{"line":549,"column":3}},"line":509},"25":{"name":"(anonymous_25)","decl":{"start":{"line":529,"column":14},"end":{"line":529,"column":15}},"loc":{"start":{"line":529,"column":24},"end":{"line":529,"column":54}},"line":529},"26":{"name":"(anonymous_26)","decl":{"start":{"line":551,"column":2},"end":{"line":551,"column":3}},"loc":{"start":{"line":551,"column":47},"end":{"line":582,"column":3}},"line":551},"27":{"name":"(anonymous_27)","decl":{"start":{"line":584,"column":2},"end":{"line":584,"column":3}},"loc":{"start":{"line":584,"column":41},"end":{"line":613,"column":3}},"line":584},"28":{"name":"(anonymous_28)","decl":{"start":{"line":615,"column":2},"end":{"line":615,"column":3}},"loc":{"start":{"line":615,"column":43},"end":{"line":631,"column":3}},"line":615},"29":{"name":"(anonymous_29)","decl":{"start":{"line":634,"column":2},"end":{"line":634,"column":3}},"loc":{"start":{"line":634,"column":57},"end":{"line":650,"column":3}},"line":634},"30":{"name":"(anonymous_30)","decl":{"start":{"line":652,"column":2},"end":{"line":652,"column":3}},"loc":{"start":{"line":652,"column":42},"end":{"line":659,"column":3}},"line":652},"31":{"name":"(anonymous_31)","decl":{"start":{"line":661,"column":2},"end":{"line":661,"column":3}},"loc":{"start":{"line":661,"column":45},"end":{"line":667,"column":3}},"line":661}},"branchMap":{"0":{"loc":{"start":{"line":57,"column":8},"end":{"line":57,"column":57}},"type":"cond-expr","locations":[{"start":{"line":57,"column":17},"end":{"line":57,"column":48}},{"start":{"line":57,"column":51},"end":{"line":57,"column":57}}],"line":57},"1":{"loc":{"start":{"line":79,"column":4},"end":{"line":84,"column":5}},"type":"if","locations":[{"start":{"line":79,"column":4},"end":{"line":84,"column":5}},{"start":{},"end":{}}],"line":79},"2":{"loc":{"start":{"line":88,"column":56},"end":{"line":88,"column":67}},"type":"binary-expr","locations":[{"start":{"line":88,"column":56},"end":{"line":88,"column":61}},{"start":{"line":88,"column":65},"end":{"line":88,"column":67}}],"line":88},"3":{"loc":{"start":{"line":89,"column":4},"end":{"line":91,"column":5}},"type":"if","locations":[{"start":{"line":89,"column":4},"end":{"line":91,"column":5}},{"start":{},"end":{}}],"line":89},"4":{"loc":{"start":{"line":112,"column":31},"end":{"line":112,"column":42}},"type":"binary-expr","locations":[{"start":{"line":112,"column":31},"end":{"line":112,"column":36}},{"start":{"line":112,"column":40},"end":{"line":112,"column":42}}],"line":112},"5":{"loc":{"start":{"line":113,"column":4},"end":{"line":121,"column":5}},"type":"if","locations":[{"start":{"line":113,"column":4},"end":{"line":121,"column":5}},{"start":{},"end":{}}],"line":113},"6":{"loc":{"start":{"line":137,"column":32},"end":{"line":137,"column":43}},"type":"binary-expr","locations":[{"start":{"line":137,"column":32},"end":{"line":137,"column":37}},{"start":{"line":137,"column":41},"end":{"line":137,"column":43}}],"line":137},"7":{"loc":{"start":{"line":138,"column":4},"end":{"line":146,"column":5}},"type":"if","locations":[{"start":{"line":138,"column":4},"end":{"line":146,"column":5}},{"start":{},"end":{}}],"line":138},"8":{"loc":{"start":{"line":157,"column":52},"end":{"line":157,"column":63}},"type":"binary-expr","locations":[{"start":{"line":157,"column":52},"end":{"line":157,"column":57}},{"start":{"line":157,"column":61},"end":{"line":157,"column":63}}],"line":157},"9":{"loc":{"start":{"line":158,"column":4},"end":{"line":158,"column":70}},"type":"if","locations":[{"start":{"line":158,"column":4},"end":{"line":158,"column":70}},{"start":{},"end":{}}],"line":158},"10":{"loc":{"start":{"line":159,"column":4},"end":{"line":159,"column":49}},"type":"if","locations":[{"start":{"line":159,"column":4},"end":{"line":159,"column":49}},{"start":{},"end":{}}],"line":159},"11":{"loc":{"start":{"line":159,"column":8},"end":{"line":159,"column":40}},"type":"binary-expr","locations":[{"start":{"line":159,"column":8},"end":{"line":159,"column":16}},{"start":{"line":159,"column":20},"end":{"line":159,"column":40}}],"line":159},"12":{"loc":{"start":{"line":180,"column":50},"end":{"line":180,"column":61}},"type":"binary-expr","locations":[{"start":{"line":180,"column":50},"end":{"line":180,"column":55}},{"start":{"line":180,"column":59},"end":{"line":180,"column":61}}],"line":180},"13":{"loc":{"start":{"line":181,"column":4},"end":{"line":183,"column":5}},"type":"if","locations":[{"start":{"line":181,"column":4},"end":{"line":183,"column":5}},{"start":{},"end":{}}],"line":181},"14":{"loc":{"start":{"line":185,"column":36},"end":{"line":185,"column":61}},"type":"binary-expr","locations":[{"start":{"line":185,"column":36},"end":{"line":185,"column":45}},{"start":{"line":185,"column":49},"end":{"line":185,"column":61}}],"line":185},"15":{"loc":{"start":{"line":208,"column":48},"end":{"line":208,"column":59}},"type":"binary-expr","locations":[{"start":{"line":208,"column":48},"end":{"line":208,"column":53}},{"start":{"line":208,"column":57},"end":{"line":208,"column":59}}],"line":208},"16":{"loc":{"start":{"line":209,"column":4},"end":{"line":211,"column":5}},"type":"if","locations":[{"start":{"line":209,"column":4},"end":{"line":211,"column":5}},{"start":{},"end":{}}],"line":209},"17":{"loc":{"start":{"line":228,"column":43},"end":{"line":228,"column":54}},"type":"binary-expr","locations":[{"start":{"line":228,"column":43},"end":{"line":228,"column":48}},{"start":{"line":228,"column":52},"end":{"line":228,"column":54}}],"line":228},"18":{"loc":{"start":{"line":229,"column":4},"end":{"line":229,"column":70}},"type":"if","locations":[{"start":{"line":229,"column":4},"end":{"line":229,"column":70}},{"start":{},"end":{}}],"line":229},"19":{"loc":{"start":{"line":245,"column":53},"end":{"line":245,"column":64}},"type":"binary-expr","locations":[{"start":{"line":245,"column":53},"end":{"line":245,"column":58}},{"start":{"line":245,"column":62},"end":{"line":245,"column":64}}],"line":245},"20":{"loc":{"start":{"line":246,"column":4},"end":{"line":246,"column":70}},"type":"if","locations":[{"start":{"line":246,"column":4},"end":{"line":246,"column":70}},{"start":{},"end":{}}],"line":246},"21":{"loc":{"start":{"line":266,"column":30},"end":{"line":266,"column":41}},"type":"binary-expr","locations":[{"start":{"line":266,"column":30},"end":{"line":266,"column":35}},{"start":{"line":266,"column":39},"end":{"line":266,"column":41}}],"line":266},"22":{"loc":{"start":{"line":267,"column":4},"end":{"line":275,"column":5}},"type":"if","locations":[{"start":{"line":267,"column":4},"end":{"line":275,"column":5}},{"start":{},"end":{}}],"line":267},"23":{"loc":{"start":{"line":286,"column":30},"end":{"line":286,"column":41}},"type":"binary-expr","locations":[{"start":{"line":286,"column":30},"end":{"line":286,"column":35}},{"start":{"line":286,"column":39},"end":{"line":286,"column":41}}],"line":286},"24":{"loc":{"start":{"line":287,"column":4},"end":{"line":295,"column":5}},"type":"if","locations":[{"start":{"line":287,"column":4},"end":{"line":295,"column":5}},{"start":{},"end":{}}],"line":287},"25":{"loc":{"start":{"line":306,"column":33},"end":{"line":306,"column":44}},"type":"binary-expr","locations":[{"start":{"line":306,"column":33},"end":{"line":306,"column":38}},{"start":{"line":306,"column":42},"end":{"line":306,"column":44}}],"line":306},"26":{"loc":{"start":{"line":317,"column":33},"end":{"line":317,"column":44}},"type":"binary-expr","locations":[{"start":{"line":317,"column":33},"end":{"line":317,"column":38}},{"start":{"line":317,"column":42},"end":{"line":317,"column":44}}],"line":317},"27":{"loc":{"start":{"line":329,"column":31},"end":{"line":329,"column":42}},"type":"binary-expr","locations":[{"start":{"line":329,"column":31},"end":{"line":329,"column":36}},{"start":{"line":329,"column":40},"end":{"line":329,"column":42}}],"line":329},"28":{"loc":{"start":{"line":330,"column":4},"end":{"line":338,"column":5}},"type":"if","locations":[{"start":{"line":330,"column":4},"end":{"line":338,"column":5}},{"start":{},"end":{}}],"line":330},"29":{"loc":{"start":{"line":356,"column":4},"end":{"line":356,"column":70}},"type":"if","locations":[{"start":{"line":356,"column":4},"end":{"line":356,"column":70}},{"start":{},"end":{}}],"line":356},"30":{"loc":{"start":{"line":391,"column":50},"end":{"line":391,"column":61}},"type":"binary-expr","locations":[{"start":{"line":391,"column":50},"end":{"line":391,"column":55}},{"start":{"line":391,"column":59},"end":{"line":391,"column":61}}],"line":391},"31":{"loc":{"start":{"line":393,"column":4},"end":{"line":398,"column":5}},"type":"if","locations":[{"start":{"line":393,"column":4},"end":{"line":398,"column":5}},{"start":{},"end":{}}],"line":393},"32":{"loc":{"start":{"line":420,"column":4},"end":{"line":420,"column":70}},"type":"if","locations":[{"start":{"line":420,"column":4},"end":{"line":420,"column":70}},{"start":{},"end":{}}],"line":420},"33":{"loc":{"start":{"line":422,"column":4},"end":{"line":428,"column":5}},"type":"if","locations":[{"start":{"line":422,"column":4},"end":{"line":428,"column":5}},{"start":{},"end":{}}],"line":422},"34":{"loc":{"start":{"line":474,"column":8},"end":{"line":474,"column":19}},"type":"binary-expr","locations":[{"start":{"line":474,"column":8},"end":{"line":474,"column":13}},{"start":{"line":474,"column":17},"end":{"line":474,"column":19}}],"line":474},"35":{"loc":{"start":{"line":475,"column":4},"end":{"line":475,"column":70}},"type":"if","locations":[{"start":{"line":475,"column":4},"end":{"line":475,"column":70}},{"start":{},"end":{}}],"line":475},"36":{"loc":{"start":{"line":477,"column":4},"end":{"line":485,"column":5}},"type":"if","locations":[{"start":{"line":477,"column":4},"end":{"line":485,"column":5}},{"start":{},"end":{}}],"line":477},"37":{"loc":{"start":{"line":494,"column":19},"end":{"line":494,"column":58}},"type":"cond-expr","locations":[{"start":{"line":494,"column":35},"end":{"line":494,"column":46}},{"start":{"line":494,"column":49},"end":{"line":494,"column":58}}],"line":494},"38":{"loc":{"start":{"line":517,"column":4},"end":{"line":517,"column":70}},"type":"if","locations":[{"start":{"line":517,"column":4},"end":{"line":517,"column":70}},{"start":{},"end":{}}],"line":517},"39":{"loc":{"start":{"line":519,"column":4},"end":{"line":527,"column":5}},"type":"if","locations":[{"start":{"line":519,"column":4},"end":{"line":527,"column":5}},{"start":{},"end":{}}],"line":519},"40":{"loc":{"start":{"line":519,"column":8},"end":{"line":519,"column":35}},"type":"binary-expr","locations":[{"start":{"line":519,"column":8},"end":{"line":519,"column":14}},{"start":{"line":519,"column":18},"end":{"line":519,"column":35}}],"line":519},"41":{"loc":{"start":{"line":552,"column":61},"end":{"line":552,"column":72}},"type":"binary-expr","locations":[{"start":{"line":552,"column":61},"end":{"line":552,"column":66}},{"start":{"line":552,"column":70},"end":{"line":552,"column":72}}],"line":552},"42":{"loc":{"start":{"line":553,"column":4},"end":{"line":553,"column":70}},"type":"if","locations":[{"start":{"line":553,"column":4},"end":{"line":553,"column":70}},{"start":{},"end":{}}],"line":553},"43":{"loc":{"start":{"line":555,"column":4},"end":{"line":563,"column":5}},"type":"if","locations":[{"start":{"line":555,"column":4},"end":{"line":563,"column":5}},{"start":{},"end":{}}],"line":555},"44":{"loc":{"start":{"line":585,"column":50},"end":{"line":585,"column":61}},"type":"binary-expr","locations":[{"start":{"line":585,"column":50},"end":{"line":585,"column":55}},{"start":{"line":585,"column":59},"end":{"line":585,"column":61}}],"line":585},"45":{"loc":{"start":{"line":586,"column":4},"end":{"line":586,"column":70}},"type":"if","locations":[{"start":{"line":586,"column":4},"end":{"line":586,"column":70}},{"start":{},"end":{}}],"line":586},"46":{"loc":{"start":{"line":588,"column":4},"end":{"line":594,"column":5}},"type":"if","locations":[{"start":{"line":588,"column":4},"end":{"line":594,"column":5}},{"start":{},"end":{}}],"line":588},"47":{"loc":{"start":{"line":616,"column":43},"end":{"line":616,"column":54}},"type":"binary-expr","locations":[{"start":{"line":616,"column":43},"end":{"line":616,"column":48}},{"start":{"line":616,"column":52},"end":{"line":616,"column":54}}],"line":616},"48":{"loc":{"start":{"line":617,"column":4},"end":{"line":617,"column":70}},"type":"if","locations":[{"start":{"line":617,"column":4},"end":{"line":617,"column":70}},{"start":{},"end":{}}],"line":617},"49":{"loc":{"start":{"line":636,"column":4},"end":{"line":636,"column":54}},"type":"if","locations":[{"start":{"line":636,"column":4},"end":{"line":636,"column":54}},{"start":{},"end":{}}],"line":636},"50":{"loc":{"start":{"line":636,"column":8},"end":{"line":636,"column":36}},"type":"binary-expr","locations":[{"start":{"line":636,"column":8},"end":{"line":636,"column":14}},{"start":{"line":636,"column":18},"end":{"line":636,"column":36}}],"line":636},"51":{"loc":{"start":{"line":639,"column":8},"end":{"line":639,"column":32}},"type":"if","locations":[{"start":{"line":639,"column":8},"end":{"line":639,"column":32}},{"start":{},"end":{}}],"line":639},"52":{"loc":{"start":{"line":644,"column":8},"end":{"line":646,"column":9}},"type":"if","locations":[{"start":{"line":644,"column":8},"end":{"line":646,"column":9}},{"start":{},"end":{}}],"line":644},"53":{"loc":{"start":{"line":655,"column":19},"end":{"line":655,"column":76}},"type":"cond-expr","locations":[{"start":{"line":655,"column":53},"end":{"line":655,"column":69}},{"start":{"line":655,"column":72},"end":{"line":655,"column":76}}],"line":655},"54":{"loc":{"start":{"line":656,"column":12},"end":{"line":656,"column":43}},"type":"binary-expr","locations":[{"start":{"line":656,"column":12},"end":{"line":656,"column":22}},{"start":{"line":656,"column":26},"end":{"line":656,"column":43}}],"line":656},"55":{"loc":{"start":{"line":664,"column":19},"end":{"line":664,"column":78}},"type":"cond-expr","locations":[{"start":{"line":664,"column":54},"end":{"line":664,"column":71}},{"start":{"line":664,"column":74},"end":{"line":664,"column":78}}],"line":664}},"s":{"0":5,"1":5,"2":5,"3":5,"4":5,"5":5,"6":5,"7":5,"8":5,"9":5,"10":5,"11":0,"12":0,"13":0,"14":0,"15":0,"16":0,"17":0,"18":0,"19":0,"20":0,"21":0,"22":0,"23":0,"24":0,"25":0,"26":0,"27":0,"28":0,"29":0,"30":0,"31":0,"32":0,"33":0,"34":0,"35":0,"36":0,"37":0,"38":0,"39":0,"40":0,"41":0,"42":0,"43":0,"44":0,"45":0,"46":0,"47":0,"48":0,"49":0,"50":0,"51":0,"52":0,"53":0,"54":0,"55":0,"56":0,"57":0,"58":0,"59":0,"60":0,"61":0,"62":0,"63":0,"64":0,"65":0,"66":0,"67":0,"68":0,"69":0,"70":0,"71":0,"72":0,"73":0,"74":0,"75":0,"76":0,"77":0,"78":0,"79":0,"80":0,"81":0,"82":0,"83":0,"84":0,"85":0,"86":0,"87":0,"88":0,"89":0,"90":0,"91":0,"92":0,"93":0,"94":0,"95":0,"96":0,"97":0,"98":0,"99":0,"100":0,"101":0,"102":0,"103":0,"104":0,"105":0,"106":0,"107":0,"108":0,"109":0,"110":0,"111":0,"112":0,"113":0,"114":0,"115":0,"116":0,"117":0,"118":0,"119":0,"120":0,"121":0,"122":0,"123":0,"124":0,"125":0,"126":0,"127":0,"128":0,"129":0,"130":0,"131":0,"132":0,"133":0,"134":0,"135":0,"136":0,"137":0,"138":0,"139":0,"140":0,"141":0,"142":0,"143":0,"144":0,"145":0,"146":0,"147":0,"148":0,"149":0,"150":0,"151":0,"152":0,"153":0,"154":0,"155":0,"156":0,"157":0,"158":0,"159":0,"160":0,"161":0,"162":0,"163":0,"164":0,"165":0,"166":0,"167":0,"168":0,"169":0,"170":0,"171":0,"172":0,"173":0,"174":0,"175":0,"176":0,"177":0,"178":5},"f":{"0":5,"1":5,"2":0,"3":0,"4":0,"5":0,"6":0,"7":0,"8":0,"9":0,"10":0,"11":0,"12":0,"13":0,"14":0,"15":0,"16":0,"17":0,"18":0,"19":0,"20":0,"21":0,"22":0,"23":0,"24":0,"25":0,"26":0,"27":0,"28":0,"29":0,"30":0,"31":0},"b":{"0":[5,0],"1":[5,0],"2":[0,0],"3":[0,0],"4":[0,0],"5":[0,0],"6":[0,0],"7":[0,0],"8":[0,0],"9":[0,0],"10":[0,0],"11":[0,0],"12":[0,0],"13":[0,0],"14":[0,0],"15":[0,0],"16":[0,0],"17":[0,0],"18":[0,0],"19":[0,0],"20":[0,0],"21":[0,0],"22":[0,0],"23":[0,0],"24":[0,0],"25":[0,0],"26":[0,0],"27":[0,0],"28":[0,0],"29":[0,0],"30":[0,0],"31":[0,0],"32":[0,0],"33":[0,0],"34":[0,0],"35":[0,0],"36":[0,0],"37":[0,0],"38":[0,0],"39":[0,0],"40":[0,0],"41":[0,0],"42":[0,0],"43":[0,0],"44":[0,0],"45":[0,0],"46":[0,0],"47":[0,0],"48":[0,0],"49":[0,0],"50":[0,0],"51":[0,0],"52":[0,0],"53":[0,0],"54":[0,0],"55":[0,0]},"_coverageSchema":"1a1c01bbd47fc00a2c39e90264f33305004495a9","hash":"512407c429a16df558146daa529d8c932488a73e"}
,"C:\\Users\\Web Dev\\Documents\\GitHub\\grocify\\components\\services\\GeoCodingService.ts": {"path":"C:\\Users\\Web Dev\\Documents\\GitHub\\grocify\\components\\services\\GeoCodingService.ts","statementMap":{"0":{"start":{"line":9,"column":36},"end":{"line":9,"column":61}},"1":{"start":{"line":67,"column":20},"end":{"line":67,"column":61}},"2":{"start":{"line":70,"column":4},"end":{"line":70,"column":39}},"3":{"start":{"line":77,"column":56},"end":{"line":77,"column":61}},"4":{"start":{"line":78,"column":22},"end":{"line":78,"column":43}},"5":{"start":{"line":80,"column":4},"end":{"line":81,"column":62}},"6":{"start":{"line":82,"column":4},"end":{"line":82,"column":62}},"7":{"start":{"line":83,"column":4},"end":{"line":83,"column":65}},"8":{"start":{"line":84,"column":4},"end":{"line":84,"column":74}},"9":{"start":{"line":85,"column":4},"end":{"line":85,"column":71}},"10":{"start":{"line":86,"column":17},"end":{"line":86,"column":74}},"11":{"start":{"line":87,"column":4},"end":{"line":94,"column":7}},"12":{"start":{"line":104,"column":6},"end":{"line":104,"column":11}},"13":{"start":{"line":105,"column":25},"end":{"line":105,"column":38}},"14":{"start":{"line":106,"column":4},"end":{"line":108,"column":5}},"15":{"start":{"line":107,"column":6},"end":{"line":107,"column":71}},"16":{"start":{"line":109,"column":22},"end":{"line":109,"column":67}},"17":{"start":{"line":110,"column":17},"end":{"line":110,"column":75}},"18":{"start":{"line":111,"column":4},"end":{"line":120,"column":7}},"19":{"start":{"line":124,"column":34},"end":{"line":124,"column":56}}},"fnMap":{"0":{"name":"(anonymous_0)","decl":{"start":{"line":69,"column":2},"end":{"line":69,"column":3}},"loc":{"start":{"line":69,"column":16},"end":{"line":71,"column":3}},"line":69},"1":{"name":"(anonymous_1)","decl":{"start":{"line":76,"column":2},"end":{"line":76,"column":3}},"loc":{"start":{"line":76,"column":57},"end":{"line":95,"column":3}},"line":76},"2":{"name":"(anonymous_2)","decl":{"start":{"line":100,"column":2},"end":{"line":100,"column":3}},"loc":{"start":{"line":102,"column":39},"end":{"line":121,"column":3}},"line":102}},"branchMap":{"0":{"loc":{"start":{"line":80,"column":4},"end":{"line":81,"column":61}},"type":"binary-expr","locations":[{"start":{"line":80,"column":4},"end":{"line":80,"column":29}},{"start":{"line":81,"column":6},"end":{"line":81,"column":61}}],"line":80},"1":{"loc":{"start":{"line":82,"column":4},"end":{"line":82,"column":61}},"type":"binary-expr","locations":[{"start":{"line":82,"column":4},"end":{"line":82,"column":19}},{"start":{"line":82,"column":23},"end":{"line":82,"column":61}}],"line":82},"2":{"loc":{"start":{"line":83,"column":4},"end":{"line":83,"column":64}},"type":"binary-expr","locations":[{"start":{"line":83,"column":4},"end":{"line":83,"column":20}},{"start":{"line":83,"column":24},"end":{"line":83,"column":64}}],"line":83},"3":{"loc":{"start":{"line":84,"column":4},"end":{"line":84,"column":73}},"type":"binary-expr","locations":[{"start":{"line":84,"column":4},"end":{"line":84,"column":22}},{"start":{"line":84,"column":26},"end":{"line":84,"column":73}}],"line":84},"4":{"loc":{"start":{"line":85,"column":4},"end":{"line":85,"column":70}},"type":"binary-expr","locations":[{"start":{"line":85,"column":4},"end":{"line":85,"column":22}},{"start":{"line":85,"column":26},"end":{"line":85,"column":70}}],"line":85},"5":{"loc":{"start":{"line":90,"column":8},"end":{"line":91,"column":97}},"type":"binary-expr","locations":[{"start":{"line":90,"column":8},"end":{"line":90,"column":16}},{"start":{"line":91,"column":8},"end":{"line":91,"column":97}}],"line":90},"6":{"loc":{"start":{"line":92,"column":18},"end":{"line":92,"column":73}},"type":"binary-expr","locations":[{"start":{"line":92,"column":18},"end":{"line":92,"column":28}},{"start":{"line":92,"column":32},"end":{"line":92,"column":73}}],"line":92},"7":{"loc":{"start":{"line":106,"column":4},"end":{"line":108,"column":5}},"type":"if","locations":[{"start":{"line":106,"column":4},"end":{"line":108,"column":5}},{"start":{},"end":{}}],"line":106},"8":{"loc":{"start":{"line":106,"column":8},"end":{"line":106,"column":20}},"type":"binary-expr","locations":[{"start":{"line":106,"column":8},"end":{"line":106,"column":12}},{"start":{"line":106,"column":16},"end":{"line":106,"column":20}}],"line":106},"9":{"loc":{"start":{"line":114,"column":8},"end":{"line":115,"column":68}},"type":"binary-expr","locations":[{"start":{"line":114,"column":8},"end":{"line":114,"column":16}},{"start":{"line":115,"column":8},"end":{"line":115,"column":68}}],"line":114},"10":{"loc":{"start":{"line":117,"column":8},"end":{"line":117,"column":70}},"type":"binary-expr","locations":[{"start":{"line":117,"column":8},"end":{"line":117,"column":18}},{"start":{"line":117,"column":22},"end":{"line":117,"column":70}}],"line":117}},"s":{"0":5,"1":5,"2":5,"3":0,"4":0,"5":0,"6":0,"7":0,"8":0,"9":0,"10":0,"11":0,"12":0,"13":0,"14":0,"15":0,"16":0,"17":0,"18":0,"19":5},"f":{"0":5,"1":0,"2":0},"b":{"0":[0,0],"1":[0,0],"2":[0,0],"3":[0,0],"4":[0,0],"5":[0,0],"6":[0,0],"7":[0,0],"8":[0,0],"9":[0,0],"10":[0,0]},"_coverageSchema":"1a1c01bbd47fc00a2c39e90264f33305004495a9","hash":"045472d7829f85305f532b708fb68e5f62e0a17f"}
,"C:\\Users\\Web Dev\\Documents\\GitHub\\grocify\\components\\tiles\\DeveloperInfo.tsx": {"path":"C:\\Users\\Web Dev\\Documents\\GitHub\\grocify\\components\\tiles\\DeveloperInfo.tsx","statementMap":{"0":{"start":{"line":10,"column":45},"end":{"line":10,"column":50}},"1":{"start":{"line":12,"column":2},"end":{"line":12,"column":43}},"2":{"start":{"line":12,"column":31},"end":{"line":12,"column":43}},"3":{"start":{"line":13,"column":2},"end":{"line":19,"column":4}}},"fnMap":{"0":{"name":"DeveloperInfo","decl":{"start":{"line":9,"column":16},"end":{"line":9,"column":29}},"loc":{"start":{"line":9,"column":57},"end":{"line":20,"column":1}},"line":9}},"branchMap":{"0":{"loc":{"start":{"line":12,"column":2},"end":{"line":12,"column":43}},"type":"if","locations":[{"start":{"line":12,"column":2},"end":{"line":12,"column":43}},{"start":{},"end":{}}],"line":12},"1":{"loc":{"start":{"line":16,"column":26},"end":{"line":16,"column":66}},"type":"cond-expr","locations":[{"start":{"line":16,"column":50},"end":{"line":16,"column":57}},{"start":{"line":16,"column":60},"end":{"line":16,"column":66}}],"line":16},"2":{"loc":{"start":{"line":17,"column":27},"end":{"line":17,"column":67}},"type":"cond-expr","locations":[{"start":{"line":17,"column":51},"end":{"line":17,"column":57}},{"start":{"line":17,"column":60},"end":{"line":17,"column":67}}],"line":17}},"s":{"0":0,"1":0,"2":0,"3":0},"f":{"0":0},"b":{"0":[0,0],"1":[0,0],"2":[0,0]},"_coverageSchema":"1a1c01bbd47fc00a2c39e90264f33305004495a9","hash":"d2e9c2a4454a6be34926af63bd739ca362b2ff87"}
,"C:\\Users\\Web Dev\\Documents\\GitHub\\grocify\\components\\tiles\\ItemTile.tsx": {"path":"C:\\Users\\Web Dev\\Documents\\GitHub\\grocify\\components\\tiles\\ItemTile.tsx","statementMap":{"0":{"start":{"line":41,"column":21},"end":{"line":41,"column":36}},"1":{"start":{"line":51,"column":6},"end":{"line":51,"column":11}},"2":{"start":{"line":52,"column":24},"end":{"line":52,"column":69}},"3":{"start":{"line":53,"column":23},"end":{"line":56,"column":3}},"4":{"start":{"line":54,"column":10},"end":{"line":54,"column":44}},"5":{"start":{"line":59,"column":4},"end":{"line":99,"column":5}},"6":{"start":{"line":61,"column":8},"end":{"line":67,"column":10}},"7":{"start":{"line":69,"column":8},"end":{"line":98,"column":10}},"8":{"start":{"line":102,"column":2},"end":{"line":124,"column":4}},"9":{"start":{"line":107,"column":8},"end":{"line":107,"column":33}},"10":{"start":{"line":108,"column":8},"end":{"line":117,"column":9}},"11":{"start":{"line":109,"column":10},"end":{"line":109,"column":37}},"12":{"start":{"line":112,"column":10},"end":{"line":116,"column":13}},"13":{"start":{"line":127,"column":15},"end":{"line":133,"column":2}}},"fnMap":{"0":{"name":"ItemTile","decl":{"start":{"line":40,"column":16},"end":{"line":40,"column":24}},"loc":{"start":{"line":40,"column":53},"end":{"line":125,"column":1}},"line":40},"1":{"name":"(anonymous_1)","decl":{"start":{"line":54,"column":4},"end":{"line":54,"column":5}},"loc":{"start":{"line":54,"column":10},"end":{"line":54,"column":44}},"line":54},"2":{"name":"renderContent","decl":{"start":{"line":58,"column":11},"end":{"line":58,"column":24}},"loc":{"start":{"line":58,"column":27},"end":{"line":100,"column":3}},"line":58},"3":{"name":"(anonymous_3)","decl":{"start":{"line":106,"column":15},"end":{"line":106,"column":16}},"loc":{"start":{"line":106,"column":21},"end":{"line":118,"column":7}},"line":106}},"branchMap":{"0":{"loc":{"start":{"line":43,"column":4},"end":{"line":43,"column":22}},"type":"default-arg","locations":[{"start":{"line":43,"column":17},"end":{"line":43,"column":22}}],"line":43},"1":{"loc":{"start":{"line":44,"column":4},"end":{"line":44,"column":29}},"type":"default-arg","locations":[{"start":{"line":44,"column":24},"end":{"line":44,"column":29}}],"line":44},"2":{"loc":{"start":{"line":50,"column":4},"end":{"line":50,"column":43}},"type":"default-arg","locations":[{"start":{"line":50,"column":18},"end":{"line":50,"column":43}}],"line":50},"3":{"loc":{"start":{"line":52,"column":24},"end":{"line":52,"column":69}},"type":"binary-expr","locations":[{"start":{"line":52,"column":24},"end":{"line":52,"column":64}},{"start":{"line":52,"column":68},"end":{"line":52,"column":69}}],"line":52},"4":{"loc":{"start":{"line":59,"column":4},"end":{"line":99,"column":5}},"type":"switch","locations":[{"start":{"line":60,"column":6},"end":{"line":67,"column":10}},{"start":{"line":68,"column":6},"end":{"line":98,"column":10}}],"line":59},"5":{"loc":{"start":{"line":80,"column":19},"end":{"line":80,"column":49}},"type":"binary-expr","locations":[{"start":{"line":80,"column":19},"end":{"line":80,"column":28}},{"start":{"line":80,"column":32},"end":{"line":80,"column":49}}],"line":80},"6":{"loc":{"start":{"line":81,"column":17},"end":{"line":83,"column":46}},"type":"cond-expr","locations":[{"start":{"line":82,"column":20},"end":{"line":82,"column":70}},{"start":{"line":83,"column":20},"end":{"line":83,"column":46}}],"line":81},"7":{"loc":{"start":{"line":87,"column":17},"end":{"line":89,"column":25}},"type":"cond-expr","locations":[{"start":{"line":88,"column":20},"end":{"line":88,"column":60}},{"start":{"line":89,"column":20},"end":{"line":89,"column":25}}],"line":87},"8":{"loc":{"start":{"line":107,"column":8},"end":{"line":107,"column":32}},"type":"binary-expr","locations":[{"start":{"line":107,"column":8},"end":{"line":107,"column":15}},{"start":{"line":107,"column":19},"end":{"line":107,"column":32}}],"line":107},"9":{"loc":{"start":{"line":108,"column":8},"end":{"line":117,"column":9}},"type":"if","locations":[{"start":{"line":108,"column":8},"end":{"line":117,"column":9}},{"start":{"line":110,"column":15},"end":{"line":117,"column":9}}],"line":108},"10":{"loc":{"start":{"line":109,"column":10},"end":{"line":109,"column":36}},"type":"binary-expr","locations":[{"start":{"line":109,"column":10},"end":{"line":109,"column":18}},{"start":{"line":109,"column":22},"end":{"line":109,"column":36}}],"line":109}},"s":{"0":0,"1":0,"2":0,"3":0,"4":0,"5":0,"6":0,"7":0,"8":0,"9":0,"10":0,"11":0,"12":0,"13":5},"f":{"0":0,"1":0,"2":0,"3":0},"b":{"0":[0],"1":[0],"2":[0],"3":[0,0],"4":[0,0],"5":[0,0],"6":[0,0],"7":[0,0],"8":[0,0],"9":[0,0],"10":[0,0]},"_coverageSchema":"1a1c01bbd47fc00a2c39e90264f33305004495a9","hash":"f78e91b6202271ebeae6c7e3bdda4f866a2000b9"}
,"C:\\Users\\Web Dev\\Documents\\GitHub\\grocify\\components\\tiles\\ItemTileBasicContent.tsx": {"path":"C:\\Users\\Web Dev\\Documents\\GitHub\\grocify\\components\\tiles\\ItemTileBasicContent.tsx","statementMap":{"0":{"start":{"line":23,"column":15},"end":{"line":23,"column":17}},"1":{"start":{"line":32,"column":6},"end":{"line":32,"column":11}},"2":{"start":{"line":33,"column":2},"end":{"line":53,"column":4}}},"fnMap":{"0":{"name":"ItemTileBasicContent","decl":{"start":{"line":24,"column":16},"end":{"line":24,"column":36}},"loc":{"start":{"line":24,"column":71},"end":{"line":54,"column":1}},"line":24}},"branchMap":{"0":{"loc":{"start":{"line":28,"column":4},"end":{"line":28,"column":29}},"type":"default-arg","locations":[{"start":{"line":28,"column":24},"end":{"line":28,"column":29}}],"line":28},"1":{"loc":{"start":{"line":29,"column":4},"end":{"line":29,"column":22}},"type":"default-arg","locations":[{"start":{"line":29,"column":17},"end":{"line":29,"column":22}}],"line":29},"2":{"loc":{"start":{"line":30,"column":4},"end":{"line":30,"column":28}},"type":"default-arg","locations":[{"start":{"line":30,"column":24},"end":{"line":30,"column":28}}],"line":30},"3":{"loc":{"start":{"line":31,"column":4},"end":{"line":31,"column":18}},"type":"default-arg","locations":[{"start":{"line":31,"column":14},"end":{"line":31,"column":18}}],"line":31},"4":{"loc":{"start":{"line":46,"column":9},"end":{"line":46,"column":63}},"type":"cond-expr","locations":[{"start":{"line":46,"column":29},"end":{"line":46,"column":56}},{"start":{"line":46,"column":59},"end":{"line":46,"column":63}}],"line":46}},"s":{"0":5,"1":0,"2":0},"f":{"0":0},"b":{"0":[0],"1":[0],"2":[0],"3":[0],"4":[0,0]},"_coverageSchema":"1a1c01bbd47fc00a2c39e90264f33305004495a9","hash":"343bc9a4ec63294b285e4cdde81d440104d933ad"}
,"C:\\Users\\Web Dev\\Documents\\GitHub\\grocify\\components\\tiles\\ItemTileIsSelectedColumn.tsx": {"path":"C:\\Users\\Web Dev\\Documents\\GitHub\\grocify\\components\\tiles\\ItemTileIsSelectedColumn.tsx","statementMap":{"0":{"start":{"line":9,"column":44},"end":{"line":9,"column":49}},"1":{"start":{"line":10,"column":21},"end":{"line":10,"column":44}},"2":{"start":{"line":11,"column":18},"end":{"line":11,"column":62}},"3":{"start":{"line":13,"column":2},"end":{"line":23,"column":4}}},"fnMap":{"0":{"name":"TileIsSelectedBackground","decl":{"start":{"line":8,"column":16},"end":{"line":8,"column":40}},"loc":{"start":{"line":8,"column":79},"end":{"line":24,"column":1}},"line":8}},"branchMap":{"0":{"loc":{"start":{"line":11,"column":18},"end":{"line":11,"column":62}},"type":"cond-expr","locations":[{"start":{"line":11,"column":54},"end":{"line":11,"column":55}},{"start":{"line":11,"column":58},"end":{"line":11,"column":62}}],"line":11},"1":{"loc":{"start":{"line":11,"column":18},"end":{"line":11,"column":51}},"type":"binary-expr","locations":[{"start":{"line":11,"column":18},"end":{"line":11,"column":36}},{"start":{"line":11,"column":40},"end":{"line":11,"column":51}}],"line":11}},"s":{"0":0,"1":0,"2":0,"3":0},"f":{"0":0},"b":{"0":[0,0],"1":[0,0]},"_coverageSchema":"1a1c01bbd47fc00a2c39e90264f33305004495a9","hash":"35e5e4af6acceff8131f704cf39e21727c7a0427"}
,"C:\\Users\\Web Dev\\Documents\\GitHub\\grocify\\components\\tiles\\ItemTileNameAndUpcColumn.tsx": {"path":"C:\\Users\\Web Dev\\Documents\\GitHub\\grocify\\components\\tiles\\ItemTileNameAndUpcColumn.tsx","statementMap":{"0":{"start":{"line":17,"column":16},"end":{"line":17,"column":26}},"1":{"start":{"line":26,"column":6},"end":{"line":26,"column":11}},"2":{"start":{"line":27,"column":23},"end":{"line":27,"column":51}},"3":{"start":{"line":28,"column":19},"end":{"line":28,"column":79}},"4":{"start":{"line":28,"column":34},"end":{"line":28,"column":61}},"5":{"start":{"line":29,"column":23},"end":{"line":32,"column":3}},"6":{"start":{"line":30,"column":11},"end":{"line":30,"column":66}},"7":{"start":{"line":34,"column":2},"end":{"line":34,"column":25}},"8":{"start":{"line":34,"column":13},"end":{"line":34,"column":25}},"9":{"start":{"line":35,"column":2},"end":{"line":53,"column":4}}},"fnMap":{"0":{"name":"ItemTileNameAndUpcColumn","decl":{"start":{"line":16,"column":16},"end":{"line":16,"column":40}},"loc":{"start":{"line":16,"column":79},"end":{"line":54,"column":1}},"line":16},"1":{"name":"(anonymous_1)","decl":{"start":{"line":28,"column":27},"end":{"line":28,"column":28}},"loc":{"start":{"line":28,"column":34},"end":{"line":28,"column":61}},"line":28},"2":{"name":"(anonymous_2)","decl":{"start":{"line":30,"column":4},"end":{"line":30,"column":5}},"loc":{"start":{"line":30,"column":11},"end":{"line":30,"column":66}},"line":30}},"branchMap":{"0":{"loc":{"start":{"line":20,"column":4},"end":{"line":20,"column":30}},"type":"default-arg","locations":[{"start":{"line":20,"column":12},"end":{"line":20,"column":30}}],"line":20},"1":{"loc":{"start":{"line":23,"column":4},"end":{"line":23,"column":18}},"type":"default-arg","locations":[{"start":{"line":23,"column":14},"end":{"line":23,"column":18}}],"line":23},"2":{"loc":{"start":{"line":24,"column":4},"end":{"line":24,"column":30}},"type":"default-arg","locations":[{"start":{"line":24,"column":18},"end":{"line":24,"column":30}}],"line":24},"3":{"loc":{"start":{"line":28,"column":34},"end":{"line":28,"column":61}},"type":"cond-expr","locations":[{"start":{"line":28,"column":49},"end":{"line":28,"column":52}},{"start":{"line":28,"column":55},"end":{"line":28,"column":61}}],"line":28},"4":{"loc":{"start":{"line":30,"column":11},"end":{"line":30,"column":66}},"type":"cond-expr","locations":[{"start":{"line":30,"column":26},"end":{"line":30,"column":62}},{"start":{"line":30,"column":65},"end":{"line":30,"column":66}}],"line":30},"5":{"loc":{"start":{"line":34,"column":2},"end":{"line":34,"column":25}},"type":"if","locations":[{"start":{"line":34,"column":2},"end":{"line":34,"column":25}},{"start":{},"end":{}}],"line":34},"6":{"loc":{"start":{"line":44,"column":11},"end":{"line":48,"column":18}},"type":"cond-expr","locations":[{"start":{"line":45,"column":12},"end":{"line":47,"column":19}},{"start":{"line":48,"column":14},"end":{"line":48,"column":18}}],"line":44},"7":{"loc":{"start":{"line":44,"column":11},"end":{"line":44,"column":30}},"type":"binary-expr","locations":[{"start":{"line":44,"column":11},"end":{"line":44,"column":18}},{"start":{"line":44,"column":22},"end":{"line":44,"column":30}}],"line":44}},"s":{"0":0,"1":0,"2":0,"3":0,"4":0,"5":0,"6":0,"7":0,"8":0,"9":0},"f":{"0":0,"1":0,"2":0},"b":{"0":[0],"1":[0],"2":[0],"3":[0,0],"4":[0,0],"5":[0,0],"6":[0,0],"7":[0,0]},"_coverageSchema":"1a1c01bbd47fc00a2c39e90264f33305004495a9","hash":"5e3e82dc45447a53e2c0a4b1319079ec17ec4573"}
,"C:\\Users\\Web Dev\\Documents\\GitHub\\grocify\\constants\\colors.ts": {"path":"C:\\Users\\Web Dev\\Documents\\GitHub\\grocify\\constants\\colors.ts","statementMap":{"0":{"start":{"line":1,"column":37},"end":{"line":1,"column":48}},"1":{"start":{"line":2,"column":23},"end":{"line":2,"column":32}},"2":{"start":{"line":3,"column":22},"end":{"line":3,"column":28}},"3":{"start":{"line":5,"column":22},"end":{"line":20,"column":1}}},"fnMap":{},"branchMap":{},"s":{"0":1,"1":1,"2":1,"3":1},"f":{},"b":{},"_coverageSchema":"1a1c01bbd47fc00a2c39e90264f33305004495a9","hash":"b658ec00a82c64882045d1454ccaa28cf29a9552"}
[...]
umn":40},"end":{"line":544,"column":53}},{"start":{"line":544,"column":57},"end":{"line":544,"column":59}}],"line":544},"96":{"loc":{"start":{"line":554,"column":12},"end":{"line":554,"column":43}},"type":"binary-expr","locations":[{"start":{"line":554,"column":12},"end":{"line":554,"column":27}},{"start":{"line":554,"column":31},"end":{"line":554,"column":43}}],"line":554},"97":{"loc":{"start":{"line":555,"column":14},"end":{"line":555,"column":50}},"type":"binary-expr","locations":[{"start":{"line":555,"column":14},"end":{"line":555,"column":34}},{"start":{"line":555,"column":38},"end":{"line":555,"column":50}}],"line":555},"98":{"loc":{"start":{"line":566,"column":15},"end":{"line":566,"column":39}},"type":"binary-expr","locations":[{"start":{"line":566,"column":15},"end":{"line":566,"column":22}},{"start":{"line":566,"column":26},"end":{"line":566,"column":39}}],"line":566},"99":{"loc":{"start":{"line":574,"column":51},"end":{"line":574,"column":64}},"type":"binary-expr","locations":[{"start":{"line":574,"column":51},"end":{"line":574,"column":58}},{"start":{"line":574,"column":62},"end":{"line":574,"column":64}}],"line":574},"100":{"loc":{"start":{"line":577,"column":4},"end":{"line":577,"column":71}},"type":"binary-expr","locations":[{"start":{"line":577,"column":4},"end":{"line":577,"column":10}},{"start":{"line":577,"column":14},"end":{"line":577,"column":34}},{"start":{"line":577,"column":38},"end":{"line":577,"column":71}}],"line":577},"101":{"loc":{"start":{"line":578,"column":12},"end":{"line":578,"column":47}},"type":"binary-expr","locations":[{"start":{"line":578,"column":12},"end":{"line":578,"column":26}},{"start":{"line":578,"column":30},"end":{"line":578,"column":47}}],"line":578},"102":{"loc":{"start":{"line":582,"column":2},"end":{"line":591,"column":3}},"type":"if","locations":[{"start":{"line":582,"column":2},"end":{"line":591,"column":3}},{"start":{"line":584,"column":9},"end":{"line":591,"column":3}}],"line":582},"103":{"loc":{"start":{"line":584,"column":9},"end":{"line":591,"column":3}},"type":"if","locations":[{"start":{"line":584,"column":9},"end":{"line":591,"column":3}},{"start":{"line":586,"column":9},"end":{"line":591,"column":3}}],"line":584},"104":{"loc":{"start":{"line":586,"column":9},"end":{"line":591,"column":3}},"type":"if","locations":[{"start":{"line":586,"column":9},"end":{"line":591,"column":3}},{"start":{"line":588,"column":9},"end":{"line":591,"column":3}}],"line":586},"105":{"loc":{"start":{"line":600,"column":2},"end":{"line":601,"column":58}},"type":"if","locations":[{"start":{"line":600,"column":2},"end":{"line":601,"column":58}},{"start":{},"end":{}}],"line":600},"106":{"loc":{"start":{"line":611,"column":4},"end":{"line":613,"column":5}},"type":"if","locations":[{"start":{"line":611,"column":4},"end":{"line":613,"column":5}},{"start":{},"end":{}}],"line":611},"107":{"loc":{"start":{"line":621,"column":4},"end":{"line":621,"column":43}},"type":"if","locations":[{"start":{"line":621,"column":4},"end":{"line":621,"column":43}},{"start":{},"end":{}}],"line":621},"108":{"loc":{"start":{"line":621,"column":8},"end":{"line":621,"column":21}},"type":"binary-expr","locations":[{"start":{"line":621,"column":8},"end":{"line":621,"column":12}},{"start":{"line":621,"column":16},"end":{"line":621,"column":21}}],"line":621},"109":{"loc":{"start":{"line":637,"column":6},"end":{"line":645,"column":7}},"type":"if","locations":[{"start":{"line":637,"column":6},"end":{"line":645,"column":7}},{"start":{},"end":{}}],"line":637},"110":{"loc":{"start":{"line":661,"column":4},"end":{"line":663,"column":5}},"type":"if","locations":[{"start":{"line":661,"column":4},"end":{"line":663,"column":5}},{"start":{},"end":{}}],"line":661},"111":{"loc":{"start":{"line":690,"column":44},"end":{"line":690,"column":61}},"type":"default-arg","locations":[{"start":{"line":690,"column":60},"end":{"line":690,"column":61}}],"line":690},"112":{"loc":{"start":{"line":691,"column":2},"end":{"line":693,"column":3}},"type":"if","locations":[{"start":{"line":691,"column":2},"end":{"line":693,"column":3}},{"start":{},"end":{}}],"line":691},"113":{"loc":{"start":{"line":691,"column":6},"end":{"line":691,"column":69}},"type":"binary-expr","locations":[{"start":{"line":691,"column":6},"end":{"line":691,"column":32}},{"start":{"line":691,"column":36},"end":{"line":691,"column":69}}],"line":691},"114":{"loc":{"start":{"line":695,"column":2},"end":{"line":697,"column":3}},"type":"if","locations":[{"start":{"line":695,"column":2},"end":{"line":697,"column":3}},{"start":{},"end":{}}],"line":695},"115":{"loc":{"start":{"line":716,"column":4},"end":{"line":722,"column":5}},"type":"if","locations":[{"start":{"line":716,"column":4},"end":{"line":722,"column":5}},{"start":{"line":719,"column":11},"end":{"line":722,"column":5}}],"line":716},"116":{"loc":{"start":{"line":716,"column":8},"end":{"line":716,"column":50}},"type":"binary-expr","locations":[{"start":{"line":716,"column":8},"end":{"line":716,"column":24}},{"start":{"line":716,"column":28},"end":{"line":716,"column":50}}],"line":716},"117":{"loc":{"start":{"line":762,"column":4},"end":{"line":764,"column":5}},"type":"if","locations":[{"start":{"line":762,"column":4},"end":{"line":764,"column":5}},{"start":{},"end":{}}],"line":762},"118":{"loc":{"start":{"line":765,"column":4},"end":{"line":767,"column":5}},"type":"if","locations":[{"start":{"line":765,"column":4},"end":{"line":767,"column":5}},{"start":{},"end":{}}],"line":765},"119":{"loc":{"start":{"line":770,"column":4},"end":{"line":772,"column":5}},"type":"if","locations":[{"start":{"line":770,"column":4},"end":{"line":772,"column":5}},{"start":{},"end":{}}],"line":770},"120":{"loc":{"start":{"line":773,"column":4},"end":{"line":775,"column":5}},"type":"if","locations":[{"start":{"line":773,"column":4},"end":{"line":775,"column":5}},{"start":{},"end":{}}],"line":773},"121":{"loc":{"start":{"line":798,"column":2},"end":{"line":798,"column":14}},"type":"default-arg","locations":[{"start":{"line":798,"column":8},"end":{"line":798,"column":14}}],"line":798},"122":{"loc":{"start":{"line":799,"column":2},"end":{"line":799,"column":18}},"type":"default-arg","locations":[{"start":{"line":799,"column":14},"end":{"line":799,"column":18}}],"line":799},"123":{"loc":{"start":{"line":802,"column":2},"end":{"line":802,"column":24}},"type":"binary-expr","locations":[{"start":{"line":802,"column":2},"end":{"line":802,"column":6}},{"start":{"line":802,"column":11},"end":{"line":802,"column":23}}],"line":802},"124":{"loc":{"start":{"line":804,"column":2},"end":{"line":805,"column":71}},"type":"if","locations":[{"start":{"line":804,"column":2},"end":{"line":805,"column":71}},{"start":{},"end":{}}],"line":804},"125":{"loc":{"start":{"line":810,"column":2},"end":{"line":812,"column":3}},"type":"if","locations":[{"start":{"line":810,"column":2},"end":{"line":812,"column":3}},{"start":{},"end":{}}],"line":810},"126":{"loc":{"start":{"line":813,"column":2},"end":{"line":815,"column":3}},"type":"if","locations":[{"start":{"line":813,"column":2},"end":{"line":815,"column":3}},{"start":{},"end":{}}],"line":813},"127":{"loc":{"start":{"line":823,"column":2},"end":{"line":823,"column":22}},"type":"if","locations":[{"start":{"line":823,"column":2},"end":{"line":823,"column":22}},{"start":{},"end":{}}],"line":823},"128":{"loc":{"start":{"line":829,"column":4},"end":{"line":831,"column":5}},"type":"if","locations":[{"start":{"line":829,"column":4},"end":{"line":831,"column":5}},{"start":{},"end":{}}],"line":829}},"s":{"0":0,"1":0,"2":0,"3":0,"4":0,"5":0,"6":0,"7":0,"8":0,"9":0,"10":0,"11":0,"12":0,"13":0,"14":0,"15":0,"16":0,"17":0,"18":0,"19":0,"20":0,"21":0,"22":0,"23":0,"24":0,"25":0,"26":0,"27":0,"28":0,"29":0,"30":0,"31":0,"32":0,"33":0,"34":0,"35":0,"36":0,"37":0,"38":0,"39":0,"40":0,"41":0,"42":0,"43":0,"44":0,"45":0,"46":0,"47":0,"48":0,"49":0,"50":0,"51":0,"52":0,"53":0,"54":0,"55":0,"56":0,"57":0,"58":0,"59":5,"60":0,"61":0,"62":0,"63":0,"64":0,"65":0,"66":0,"67":0,"68":0,"69":0,"70":0,"71":0,"72":0,"73":2020,"74":10,"75":0,"76":0,"77":0,"78":0,"79":0,"80":0,"81":0,"82":0,"83":0,"84":0,"85":0,"86":0,"87":0,"88":0,"89":0,"90":0,"91":0,"92":0,"93":0,"94":0,"95":0,"96":0,"97":0,"98":0,"99":0,"100":0,"101":0,"102":0,"103":0,"104":0,"105":0,"106":0,"107":0,"108":0,"109":0,"110":0,"111":0,"112":0,"113":0,"114":0,"115":0,"116":0,"117":0,"118":0,"119":0,"120":0,"121":0,"122":0,"123":0,"124":0,"125":0,"126":0,"127":0,"128":0,"129":0,"130":0,"131":0,"132":0,"133":0,"134":0,"135":0,"136":0,"137":0,"138":0,"139":0,"140":0,"141":0,"142":0,"143":0,"144":0,"145":0,"146":0,"147":0,"148":0,"149":0,"150":0,"151":0,"152":0,"153":0,"154":0,"155":0,"156":0,"157":0,"158":0,"159":0,"160":0,"161":0,"162":0,"163":3,"164":3,"165":0,"166":3,"167":3,"168":2,"169":3,"170":3,"171":0,"172":0,"173":0,"174":0,"175":0,"176":0,"177":0,"178":0,"179":0,"180":0,"181":0,"182":0,"183":0,"184":0,"185":0,"186":0,"187":0,"188":0,"189":0,"190":0,"191":0,"192":0,"193":0,"194":0,"195":0,"196":0,"197":0,"198":0,"199":0,"200":0,"201":0,"202":0,"203":0,"204":0,"205":0,"206":0,"207":0,"208":0,"209":0,"210":0,"211":0,"212":0,"213":0,"214":0,"215":0,"216":0,"217":0,"218":0,"219":0,"220":0,"221":0,"222":0,"223":0,"224":0,"225":0,"226":0,"227":0,"228":0,"229":0,"230":0,"231":0,"232":0,"233":0,"234":0,"235":0,"236":0,"237":0,"238":0,"239":0,"240":0,"241":0,"242":0,"243":0,"244":0,"245":0,"246":0,"247":0,"248":0,"249":0,"250":0,"251":0,"252":0,"253":0,"254":0,"255":0,"256":0,"257":0,"258":0,"259":0,"260":0,"261":0,"262":0,"263":0,"264":0,"265":0,"266":0,"267":0,"268":0,"269":0,"270":0,"271":0,"272":0,"273":0,"274":0,"275":0,"276":0,"277":0,"278":0,"279":0,"280":0,"281":0,"282":0,"283":0,"284":0,"285":0,"286":0,"287":0,"288":0,"289":0,"290":0,"291":0,"292":0,"293":0,"294":0,"295":0,"296":0,"297":0,"298":0,"299":0,"300":0,"301":0,"302":0,"303":0,"304":0,"305":0,"306":0,"307":0,"308":0,"309":0,"310":0},"f":{"0":0,"1":0,"2":0,"3":0,"4":0,"5":0,"6":0,"7":0,"8":0,"9":0,"10":0,"11":0,"12":0,"13":0,"14":0,"15":0,"16":5,"17":0,"18":0,"19":0,"20":0,"21":0,"22":0,"23":0,"24":0,"25":2020,"26":10,"27":0,"28":0,"29":0,"30":0,"31":0,"32":0,"33":0,"34":0,"35":0,"36":0,"37":0,"38":0,"39":0,"40":0,"41":0,"42":0,"43":0,"44":3,"45":0,"46":0,"47":0,"48":0,"49":0,"50":0,"51":0,"52":0,"53":0,"54":0,"55":0,"56":0,"57":0,"58":0,"59":0,"60":0,"61":0,"62":0,"63":0,"64":0,"65":0,"66":0,"67":0,"68":0,"69":0,"70":0,"71":0,"72":0,"73":0,"74":0},"b":{"0":[0,0],"1":[0,0],"2":[0,0],"3":[0,0],"4":[0,0,0,0],"5":[0,0],"6":[0,0],"7":[0,0],"8":[0,0],"9":[0,0],"10":[0,0],"11":[0],"12":[0,0],"13":[0,0],"14":[0,0],"15":[0,0],"16":[0,0],"17":[0,0],"18":[0,0],"19":[0,0],"20":[0,0],"21":[0,0],"22":[0,0],"23":[0,0],"24":[5,0],"25":[0],"26":[0,0],"27":[0,0],"28":[0,0],"29":[0,0],"30":[0,0],"31":[0,0],"32":[0,0],"33":[0,0],"34":[0,0,0],"35":[0,0],"36":[0,0],"37":[0,0],"38":[0,0],"39":[0,0],"40":[0,0],"41":[0,0],"42":[0,0,0],"43":[0,0],"44":[0],"45":[0,0],"46":[0,0,0,0],"47":[0,0],"48":[0,0],"49":[0,0],"50":[0,0],"51":[0,0],"52":[0,0],"53":[0,0],"54":[0,0],"55":[0,0,0],"56":[0,0,0,0],"57":[0,0],"58":[0,0],"59":[0,0],"60":[0,0,0],"61":[0,0],"62":[0,0],"63":[0,0,0],"64":[0,0],"65":[0,0],"66":[0,0],"67":[0,0],"68":[0,0],"69":[0,0],"70":[0,0],"71":[0,0],"72":[0,0],"73":[0,0],"74":[0,0],"75":[0,0],"76":[0,0],"77":[0,0],"78":[0,0],"79":[0,0],"80":[0,3],"81":[2,1],"82":[3,0],"83":[0,0],"84":[0,0],"85":[0,0,0,0,0,0],"86":[0,0],"87":[0,0],"88":[0,0],"89":[0,0],"90":[0,0],"91":[0,0],"92":[0],"93":[0,0],"94":[0,0],"95":[0,0,0],"96":[0,0],"97":[0,0],"98":[0,0],"99":[0,0],"100":[0,0,0],"101":[0,0],"102":[0,0],"103":[0,0],"104":[0,0],"105":[0,0],"106":[0,0],"107":[0,0],"108":[0,0],"109":[0,0],"110":[0,0],"111":[0],"112":[0,0],"113":[0,0],"114":[0,0],"115":[0,0],"116":[0,0],"117":[0,0],"118":[0,0],"119":[0,0],"120":[0,0],"121":[0],"122":[0],"123":[0,0],"124":[0,0],"125":[0,0],"126":[0,0],"127":[0,0],"128":[0,0]},"_coverageSchema":"1a1c01bbd47fc00a2c39e90264f33305004495a9","hash":"b78226db3ec50c403586f4a36a1e2e6c54283895"}
,"C:\\Users\\Web Dev\\Documents\\GitHub\\grocify\\utils\\iterateStoreSpecificValuesMap.ts": {"path":"C:\\Users\\Web Dev\\Documents\\GitHub\\grocify\\utils\\iterateStoreSpecificValuesMap.ts","statementMap":{"0":{"start":{"line":66,"column":60},"end":{"line":66,"column":64}},"1":{"start":{"line":78,"column":6},"end":{"line":78,"column":11}},"2":{"start":{"line":81,"column":2},"end":{"line":143,"column":3}},"3":{"start":{"line":85,"column":6},"end":{"line":89,"column":8}},"4":{"start":{"line":91,"column":4},"end":{"line":92,"column":15}},"5":{"start":{"line":92,"column":6},"end":{"line":92,"column":15}},"6":{"start":{"line":93,"column":4},"end":{"line":140,"column":5}},"7":{"start":{"line":99,"column":6},"end":{"line":139,"column":7}},"8":{"start":{"line":104,"column":10},"end":{"line":110,"column":12}},"9":{"start":{"line":112,"column":8},"end":{"line":116,"column":19}},"10":{"start":{"line":116,"column":10},"end":{"line":116,"column":19}},"11":{"start":{"line":117,"column":8},"end":{"line":130,"column":9}},"12":{"start":{"line":118,"column":10},"end":{"line":129,"column":11}},"13":{"start":{"line":121,"column":12},"end":{"line":128,"column":15}},"14":{"start":{"line":132,"column":8},"end":{"line":138,"column":13}},"15":{"start":{"line":142,"column":4},"end":{"line":142,"column":67}}},"fnMap":{"0":{"name":"iterateStoreSpecificValuesMap","decl":{"start":{"line":68,"column":16},"end":{"line":68,"column":45}},"loc":{"start":{"line":70,"column":2},"end":{"line":144,"column":1}},"line":70}},"branchMap":{"0":{"loc":{"start":{"line":82,"column":4},"end":{"line":82,"column":32}},"type":"binary-expr","locations":[{"start":{"line":82,"column":4},"end":{"line":82,"column":26}},{"start":{"line":82,"column":30},"end":{"line":82,"column":32}}],"line":82},"1":{"loc":{"start":{"line":85,"column":6},"end":{"line":89,"column":8}},"type":"binary-expr","locations":[{"start":{"line":85,"column":6},"end":{"line":85,"column":20}},{"start":{"line":86,"column":6},"end":{"line":89,"column":8}}],"line":85},"2":{"loc":{"start":{"line":91,"column":4},"end":{"line":92,"column":15}},"type":"if","locations":[{"start":{"line":91,"column":4},"end":{"line":92,"column":15}},{"start":{},"end":{}}],"line":91},"3":{"loc":{"start":{"line":93,"column":4},"end":{"line":140,"column":5}},"type":"if","locations":[{"start":{"line":93,"column":4},"end":{"line":140,"column":5}},{"start":{},"end":{}}],"line":93},"4":{"loc":{"start":{"line":94,"column":6},"end":{"line":96,"column":21}},"type":"binary-expr","locations":[{"start":{"line":94,"column":6},"end":{"line":94,"column":34}},{"start":{"line":95,"column":6},"end":{"line":95,"column":32}},{"start":{"line":96,"column":6},"end":{"line":96,"column":21}}],"line":94},"5":{"loc":{"start":{"line":102,"column":26},"end":{"line":102,"column":51}},"type":"binary-expr","locations":[{"start":{"line":102,"column":26},"end":{"line":102,"column":45}},{"start":{"line":102,"column":49},"end":{"line":102,"column":51}}],"line":102},"6":{"loc":{"start":{"line":104,"column":10},"end":{"line":110,"column":12}},"type":"binary-expr","locations":[{"start":{"line":104,"column":10},"end":{"line":104,"column":38}},{"start":{"line":105,"column":10},"end":{"line":110,"column":12}}],"line":104},"7":{"loc":{"start":{"line":112,"column":8},"end":{"line":116,"column":19}},"type":"if","locations":[{"start":{"line":112,"column":8},"end":{"line":116,"column":19}},{"start":{},"end":{}}],"line":112},"8":{"loc":{"start":{"line":117,"column":8},"end":{"line":130,"column":9}},"type":"if","locations":[{"start":{"line":117,"column":8},"end":{"line":130,"column":9}},{"start":{},"end":{}}],"line":117},"9":{"loc":{"start":{"line":119,"column":12},"end":{"line":119,"column":44}},"type":"binary-expr","locations":[{"start":{"line":119,"column":12},"end":{"line":119,"column":38}},{"start":{"line":119,"column":42},"end":{"line":119,"column":44}}],"line":119},"10":{"loc":{"start":{"line":132,"column":8},"end":{"line":138,"column":12}},"type":"binary-expr","locations":[{"start":{"line":132,"column":8},"end":{"line":132,"column":34}},{"start":{"line":133,"column":10},"end":{"line":138,"column":12}}],"line":132},"11":{"loc":{"start":{"line":142,"column":4},"end":{"line":142,"column":66}},"type":"binary-expr","locations":[{"start":{"line":142,"column":4},"end":{"line":142,"column":16}},{"start":{"line":142,"column":20},"end":{"line":142,"column":66}}],"line":142}},"s":{"0":6,"1":6,"2":6,"3":11,"4":11,"5":0,"6":11,"7":11,"8":42,"9":42,"10":0,"11":42,"12":0,"13":0,"14":42,"15":11},"f":{"0":6},"b":{"0":[6,0],"1":[11,0],"2":[0,11],"3":[11,0],"4":[11,0,0],"5":[11,0],"6":[42,42],"7":[0,42],"8":[0,42],"9":[0,0],"10":[42,0],"11":[11,0]},"_coverageSchema":"1a1c01bbd47fc00a2c39e90264f33305004495a9","hash":"5c85dec0b3093bbdb173f1238d565aa7d152fd8e"}
,"C:\\Users\\Web Dev\\Documents\\GitHub\\grocify\\utils\\logging.ts": {"path":"C:\\Users\\Web Dev\\Documents\\GitHub\\grocify\\utils\\logging.ts","statementMap":{"0":{"start":{"line":6,"column":2},"end":{"line":8,"column":3}},"1":{"start":{"line":7,"column":4},"end":{"line":7,"column":25}}},"fnMap":{"0":{"name":"logWhenDevelopmentMode","decl":{"start":{"line":3,"column":16},"end":{"line":3,"column":38}},"loc":{"start":{"line":5,"column":8},"end":{"line":9,"column":1}},"line":5}},"branchMap":{"0":{"loc":{"start":{"line":6,"column":2},"end":{"line":8,"column":3}},"type":"if","locations":[{"start":{"line":6,"column":2},"end":{"line":8,"column":3}},{"start":{},"end":{}}],"line":6}},"s":{"0":0,"1":0},"f":{"0":0},"b":{"0":[0,0]},"_coverageSchema":"1a1c01bbd47fc00a2c39e90264f33305004495a9","hash":"a808fd3462b075d8481a15d85721fe3eba0079c8"}
,"C:\\Users\\Web Dev\\Documents\\GitHub\\grocify\\utils\\parseAddress.ts": {"path":"C:\\Users\\Web Dev\\Documents\\GitHub\\grocify\\utils\\parseAddress.ts","statementMap":{"0":{"start":{"line":8,"column":2},"end":{"line":8,"column":42}},"1":{"start":{"line":8,"column":19},"end":{"line":8,"column":42}},"2":{"start":{"line":9,"column":16},"end":{"line":12,"column":31}},"3":{"start":{"line":11,"column":22},"end":{"line":11,"column":63}},"4":{"start":{"line":12,"column":19},"end":{"line":12,"column":30}},"5":{"start":{"line":14,"column":33},"end":{"line":14,"column":49}},"6":{"start":{"line":15,"column":32},"end":{"line":15,"column":56}},"7":{"start":{"line":17,"column":2},"end":{"line":28,"column":15}}},"fnMap":{"0":{"name":"parseAddress","decl":{"start":{"line":7,"column":16},"end":{"line":7,"column":28}},"loc":{"start":{"line":7,"column":67},"end":{"line":29,"column":1}},"line":7},"1":{"name":"(anonymous_1)","decl":{"start":{"line":11,"column":12},"end":{"line":11,"column":13}},"loc":{"start":{"line":11,"column":22},"end":{"line":11,"column":63}},"line":11},"2":{"name":"(anonymous_2)","decl":{"start":{"line":12,"column":9},"end":{"line":12,"column":10}},"loc":{"start":{"line":12,"column":19},"end":{"line":12,"column":30}},"line":12}},"branchMap":{"0":{"loc":{"start":{"line":7,"column":50},"end":{"line":7,"column":65}},"type":"default-arg","locations":[{"start":{"line":7,"column":62},"end":{"line":7,"column":65}}],"line":7},"1":{"loc":{"start":{"line":8,"column":2},"end":{"line":8,"column":42}},"type":"if","locations":[{"start":{"line":8,"column":2},"end":{"line":8,"column":42}},{"start":{},"end":{}}],"line":8},"2":{"loc":{"start":{"line":19,"column":20},"end":{"line":23,"column":18}},"type":"cond-expr","locations":[{"start":{"line":20,"column":8},"end":{"line":20,"column":20}},{"start":{"line":21,"column":8},"end":{"line":23,"column":18}}],"line":19},"3":{"loc":{"start":{"line":21,"column":8},"end":{"line":23,"column":18}},"type":"cond-expr","locations":[{"start":{"line":22,"column":10},"end":{"line":22,"column":35}},{"start":{"line":23,"column":10},"end":{"line":23,"column":18}}],"line":21}},"s":{"0":7,"1":0,"2":7,"3":57,"4":48,"5":7,"6":7,"7":7},"f":{"0":7,"1":57,"2":48},"b":{"0":[7],"1":[0,7],"2":[1,6],"3":[4,2]},"_coverageSchema":"1a1c01bbd47fc00a2c39e90264f33305004495a9","hash":"ba87b8b0a7a47b2b77de456f7c99d99deeb6e191"}
}
