TN:
SF:components\ImageRenderer.tsx
FN:27,ImageRenderer
FN:41,(anonymous_1)
FN:43,(anonymous_2)
FN:84,(anonymous_3)
FNF:4
FNH:0
FNDA:0,ImageRenderer
FNDA:0,(anonymous_1)
FNDA:0,(anonymous_2)
FNDA:0,(anonymous_3)
DA:28,0
DA:29,0
DA:38,0
DA:39,0
DA:40,0
DA:41,0
DA:43,0
DA:44,0
DA:46,0
DA:49,0
DA:84,0
LF:11
LH:0
BRDA:33,0,0,0
BRDA:34,1,0,0
BRDA:35,2,0,0
BRDA:36,3,0,0
BRDA:37,4,0,0
BRDA:39,5,0,0
BRDA:39,5,1,0
BRDA:44,6,0,0
BRDA:44,6,1,0
BRDA:44,7,0,0
BRDA:44,7,1,0
BRDA:51,8,0,0
BRDA:51,8,1,0
BRDA:51,9,0,0
BRDA:51,9,1,0
BRDA:51,9,2,0
BRDA:83,10,0,0
BRDA:83,10,1,0
BRF:18
BRH:0
end_of_record
TN:
SF:components\StyledText.tsx
FN:3,MonoText
FNF:1
FNH:1
FNDA:1,MonoText
DA:4,1
LF:1
LH:1
BRF:0
BRH:0
end_of_record
TN:
SF:components\Themed.tsx
FN:20,useThemeColor
FN:34,Text
FN:41,View
FNF:3
FNH:2
FNDA:1,useThemeColor
FNDA:1,Text
FNDA:0,View
DA:24,1
DA:25,1
DA:27,1
DA:28,0
DA:30,1
DA:35,1
DA:36,1
DA:38,1
DA:42,0
DA:43,0
DA:48,0
LF:11
LH:7
BRDA:24,0,0,1
BRDA:24,0,1,0
BRDA:27,1,0,0
BRDA:27,1,1,1
BRF:4
BRH:2
end_of_record
TN:
SF:components\hooks\useColorScheme.ts
FNF:0
FNH:0
LF:0
LH:0
BRF:0
BRH:0
end_of_record
TN:
SF:components\lists\sorters.ts
FN:39,getSorter
FN:44,(anonymous_1)
FNF:2
FNH:0
FNDA:0,getSorter
FNDA:0,(anonymous_1)
DA:25,9
DA:44,0
DA:45,0
DA:46,0
DA:47,0
DA:52,0
DA:53,0
DA:54,0
DA:59,0
DA:60,0
DA:61,0
DA:68,0
DA:69,0
DA:70,0
DA:71,0
DA:72,0
DA:73,0
LF:17
LH:1
BRDA:41,0,0,0
BRDA:42,1,0,0
BRDA:45,2,0,0
BRDA:45,2,1,0
BRDA:46,3,0,0
BRDA:46,3,1,0
BRDA:47,4,0,0
BRDA:47,4,1,0
BRDA:48,5,0,0
BRDA:48,5,1,0
BRDA:48,5,2,0
BRDA:54,6,0,0
BRDA:54,6,1,0
BRDA:55,7,0,0
BRDA:55,7,1,0
BRDA:55,7,2,0
BRDA:61,8,0,0
BRDA:61,8,1,0
BRDA:69,9,0,0
BRDA:69,9,1,0
BRDA:69,10,0,0
BRDA:69,10,1,0
BRDA:69,11,0,0
BRDA:69,11,1,0
BRDA:70,12,0,0
BRDA:70,12,1,0
BRDA:70,13,0,0
BRDA:70,13,1,0
BRDA:70,14,0,0
BRDA:70,14,1,0
BRDA:71,15,0,0
BRDA:71,15,1,0
BRDA:72,16,0,0
BRDA:72,16,1,0
BRDA:72,17,0,0
BRDA:72,17,1,0
BRDA:73,18,0,0
BRDA:73,18,1,0
BRF:38
BRH:0
end_of_record
TN:
SF:components\mocks\constants.ts
FNF:0
FNH:0
DA:3,2
DA:10,2
LF:2
LH:2
BRF:0
BRH:0
end_of_record
TN:
SF:components\mocks\helpers.ts
FN:46,getRandomEnumValue
FN:52,getRandomInt
FN:64,getRandomStoreSpecificValues
FN:85,getRandomItem
FN:103,(anonymous_4)
FNF:5
FNH:4
FNDA:25633,getRandomEnumValue
FNDA:10000,getRandomInt
FNDA:0,getRandomStoreSpecificValues
FNDA:2000,getRandomItem
FNDA:23633,(anonymous_4)
DA:18,2
DA:30,2
DA:47,25633
DA:48,25633
DA:49,25633
DA:54,10000
DA:55,0
DA:60,10000
DA:61,10000
DA:65,0
DA:86,2000
DA:90,2000
DA:104,23633
DA:105,23633
DA:106,23633
LF:15
LH:13
BRDA:54,0,0,0
BRDA:54,0,1,10000
BRDA:103,1,0,2000
BRDA:103,1,1,0
BRDA:105,2,0,1272
BRDA:105,2,1,22361
BRF:6
BRH:4
end_of_record
TN:
SF:components\mocks\itemsList.ts
FNF:0
FNH:0
DA:1,1
LF:1
LH:1
BRF:0
BRH:0
end_of_record
TN:
SF:components\mocks\mockStores.ts
FN:4,getRemainingData
FNF:1
FNH:1
FNDA:20,getRemainingData
DA:5,20
DA:20,4
LF:2
LH:2
BRF:0
BRH:0
end_of_record
TN:
SF:components\mocks\processedGroceryList.ts
FNF:0
FNH:0
DA:3,1
LF:1
LH:1
BRF:0
BRH:0
end_of_record
TN:
SF:components\services\AbstractService.ts
FN:13,(anonymous_0)
FN:17,(anonymous_1)
FN:36,(anonymous_2)
FN:72,(anonymous_3)
FNF:4
FNH:1
FNDA:10,(anonymous_0)
FNDA:0,(anonymous_1)
FNDA:0,(anonymous_2)
FNDA:0,(anonymous_3)
DA:14,10
DA:22,0
DA:23,0
DA:24,0
DA:26,0
DA:28,0
DA:29,0
DA:47,0
DA:49,0
DA:50,0
DA:51,0
DA:54,0
DA:55,0
DA:56,0
DA:57,0
DA:58,0
DA:70,0
DA:71,0
DA:72,0
DA:75,0
DA:76,0
DA:78,0
DA:79,0
DA:80,0
DA:82,0
DA:85,0
DA:86,0
DA:94,0
DA:95,0
DA:97,0
DA:100,0
DA:102,0
LF:32
LH:1
BRDA:23,0,0,0
BRDA:23,0,1,0
BRDA:23,1,0,0
BRDA:23,1,1,0
BRDA:44,2,0,0
BRDA:45,3,0,0
BRDA:46,4,0,0
BRDA:50,5,0,0
BRDA:50,5,1,0
BRDA:57,6,0,0
BRDA:57,6,1,0
BRDA:70,7,0,0
BRDA:70,7,1,0
BRDA:79,8,0,0
BRDA:79,8,1,0
BRDA:82,9,0,0
BRDA:82,9,1,0
BRDA:85,10,0,0
BRDA:85,10,1,0
BRDA:85,11,0,0
BRDA:85,11,1,0
BRDA:94,12,0,0
BRDA:94,12,1,0
BRDA:95,13,0,0
BRDA:95,13,1,0
BRF:25
BRH:0
end_of_record
TN:
SF:components\services\BffService.ts
FN:56,displayAlert
FN:77,(anonymous_1)
FN:87,(anonymous_2)
FN:111,(anonymous_3)
FN:136,(anonymous_4)
FN:156,(anonymous_5)
FN:179,(anonymous_6)
FN:185,(anonymous_7)
FN:187,(anonymous_8)
FN:207,(anonymous_9)
FN:227,(anonymous_10)
FN:244,(anonymous_11)
FN:265,(anonymous_12)
FN:285,(anonymous_13)
FN:305,(anonymous_14)
FN:316,(anonymous_15)
FN:328,(anonymous_16)
FN:354,(anonymous_17)
FN:375,(anonymous_18)
FN:388,(anonymous_19)
FN:418,(anonymous_20)
FN:430,(anonymous_21)
FN:434,(anonymous_22)
FN:465,(anonymous_23)
FN:509,(anonymous_24)
FN:529,(anonymous_25)
FN:551,(anonymous_26)
FN:584,(anonymous_27)
FN:615,(anonymous_28)
FN:634,(anonymous_29)
FN:652,(anonymous_30)
FN:661,(anonymous_31)
FNF:32
FNH:2
FNDA:5,displayAlert
FNDA:5,(anonymous_1)
FNDA:0,(anonymous_2)
FNDA:0,(anonymous_3)
FNDA:0,(anonymous_4)
FNDA:0,(anonymous_5)
FNDA:0,(anonymous_6)
FNDA:0,(anonymous_7)
FNDA:0,(anonymous_8)
FNDA:0,(anonymous_9)
FNDA:0,(anonymous_10)
FNDA:0,(anonymous_11)
FNDA:0,(anonymous_12)
FNDA:0,(anonymous_13)
FNDA:0,(anonymous_14)
FNDA:0,(anonymous_15)
FNDA:0,(anonymous_16)
FNDA:0,(anonymous_17)
FNDA:0,(anonymous_18)
FNDA:0,(anonymous_19)
FNDA:0,(anonymous_20)
FNDA:0,(anonymous_21)
FNDA:0,(anonymous_22)
FNDA:0,(anonymous_23)
FNDA:0,(anonymous_24)
FNDA:0,(anonymous_25)
FNDA:0,(anonymous_26)
FNDA:0,(anonymous_27)
FNDA:0,(anonymous_28)
FNDA:0,(anonymous_29)
FNDA:0,(anonymous_30)
FNDA:0,(anonymous_31)
DA:57,5
DA:64,5
DA:65,5
DA:66,5
DA:67,5
DA:68,5
DA:69,5
DA:71,5
DA:78,5
DA:79,5
DA:80,5
DA:88,0
DA:89,0
DA:90,0
DA:93,0
DA:98,0
DA:108,0
DA:112,0
DA:113,0
DA:114,0
DA:120,0
DA:122,0
DA:123,0
DA:133,0
DA:137,0
DA:138,0
DA:139,0
DA:145,0
DA:147,0
DA:153,0
DA:157,0
DA:158,0
DA:159,0
DA:160,0
DA:165,0
DA:166,0
DA:176,0
DA:180,0
DA:181,0
DA:182,0
DA:185,0
DA:186,0
DA:187,0
DA:188,0
DA:204,0
DA:208,0
DA:209,0
DA:210,0
DA:213,0
DA:214,0
DA:224,0
DA:228,0
DA:229,0
DA:230,0
DA:231,0
DA:241,0
DA:245,0
DA:246,0
DA:247,0
DA:252,0
DA:262,0
DA:266,0
DA:267,0
DA:268,0
DA:274,0
DA:276,0
DA:282,0
DA:286,0
DA:287,0
DA:288,0
DA:294,0
DA:296,0
DA:302,0
DA:306,0
DA:307,0
DA:313,0
DA:317,0
DA:319,0
DA:325,0
DA:329,0
DA:330,0
DA:331,0
DA:337,0
DA:339,0
DA:340,0
DA:351,0
DA:355,0
DA:356,0
DA:357,0
DA:362,0
DA:372,0
DA:376,0
DA:382,0
DA:391,0
DA:393,0
DA:394,0
DA:400,0
DA:401,0
DA:415,0
DA:419,0
DA:420,0
DA:422,0
DA:423,0
DA:427,0
DA:430,0
DA:431,0
DA:434,0
DA:435,0
DA:438,0
DA:452,0
DA:462,0
DA:474,0
DA:475,0
DA:477,0
DA:478,0
DA:484,0
DA:487,0
DA:497,0
DA:516,0
DA:517,0
DA:519,0
DA:520,0
DA:526,0
DA:529,0
DA:531,0
DA:538,0
DA:548,0
DA:552,0
DA:553,0
DA:555,0
DA:556,0
DA:562,0
DA:565,0
DA:571,0
DA:581,0
DA:585,0
DA:586,0
DA:588,0
DA:589,0
DA:593,0
DA:596,0
DA:602,0
DA:612,0
DA:616,0
DA:617,0
DA:619,0
DA:620,0
DA:630,0
DA:635,0
DA:636,0
DA:637,0
DA:638,0
DA:639,0
DA:640,0
DA:643,0
DA:644,0
DA:645,0
DA:649,0
DA:653,0
DA:658,0
DA:662,0
DA:666,0
DA:670,5
LF:163
LH:12
BRDA:57,0,0,5
BRDA:57,0,1,0
BRDA:79,1,0,5
BRDA:79,1,1,0
BRDA:88,2,0,0
BRDA:88,2,1,0
BRDA:89,3,0,0
BRDA:89,3,1,0
BRDA:112,4,0,0
BRDA:112,4,1,0
BRDA:113,5,0,0
BRDA:113,5,1,0
BRDA:137,6,0,0
BRDA:137,6,1,0
BRDA:138,7,0,0
BRDA:138,7,1,0
BRDA:157,8,0,0
BRDA:157,8,1,0
BRDA:158,9,0,0
BRDA:158,9,1,0
BRDA:159,10,0,0
BRDA:159,10,1,0
BRDA:159,11,0,0
BRDA:159,11,1,0
BRDA:180,12,0,0
BRDA:180,12,1,0
BRDA:181,13,0,0
BRDA:181,13,1,0
BRDA:185,14,0,0
BRDA:185,14,1,0
BRDA:208,15,0,0
BRDA:208,15,1,0
BRDA:209,16,0,0
BRDA:209,16,1,0
BRDA:228,17,0,0
BRDA:228,17,1,0
BRDA:229,18,0,0
BRDA:229,18,1,0
BRDA:245,19,0,0
BRDA:245,19,1,0
BRDA:246,20,0,0
BRDA:246,20,1,0
BRDA:266,21,0,0
BRDA:266,21,1,0
BRDA:267,22,0,0
BRDA:267,22,1,0
BRDA:286,23,0,0
BRDA:286,23,1,0
BRDA:287,24,0,0
BRDA:287,24,1,0
BRDA:306,25,0,0
BRDA:306,25,1,0
BRDA:317,26,0,0
BRDA:317,26,1,0
BRDA:329,27,0,0
BRDA:329,27,1,0
BRDA:330,28,0,0
BRDA:330,28,1,0
BRDA:356,29,0,0
BRDA:356,29,1,0
BRDA:391,30,0,0
BRDA:391,30,1,0
BRDA:393,31,0,0
BRDA:393,31,1,0
BRDA:420,32,0,0
BRDA:420,32,1,0
BRDA:422,33,0,0
BRDA:422,33,1,0
BRDA:474,34,0,0
BRDA:474,34,1,0
BRDA:475,35,0,0
BRDA:475,35,1,0
BRDA:477,36,0,0
BRDA:477,36,1,0
BRDA:494,37,0,0
BRDA:494,37,1,0
BRDA:517,38,0,0
BRDA:517,38,1,0
BRDA:519,39,0,0
BRDA:519,39,1,0
BRDA:519,40,0,0
BRDA:519,40,1,0
BRDA:552,41,0,0
BRDA:552,41,1,0
BRDA:553,42,0,0
BRDA:553,42,1,0
BRDA:555,43,0,0
BRDA:555,43,1,0
BRDA:585,44,0,0
BRDA:585,44,1,0
BRDA:586,45,0,0
BRDA:586,45,1,0
BRDA:588,46,0,0
BRDA:588,46,1,0
BRDA:616,47,0,0
BRDA:616,47,1,0
BRDA:617,48,0,0
BRDA:617,48,1,0
BRDA:636,49,0,0
BRDA:636,49,1,0
BRDA:636,50,0,0
BRDA:636,50,1,0
BRDA:639,51,0,0
BRDA:639,51,1,0
BRDA:644,52,0,0
BRDA:644,52,1,0
BRDA:655,53,0,0
BRDA:655,53,1,0
BRDA:656,54,0,0
BRDA:656,54,1,0
BRDA:664,55,0,0
BRDA:664,55,1,0
BRF:112
BRH:2
end_of_record
TN:
SF:components\services\GeoCodingService.ts
FN:69,(anonymous_0)
FN:76,(anonymous_1)
FN:100,(anonymous_2)
FNF:3
FNH:1
FNDA:5,(anonymous_0)
FNDA:0,(anonymous_1)
FNDA:0,(anonymous_2)
DA:9,5
DA:67,5
DA:70,5
DA:77,0
DA:78,0
DA:80,0
DA:82,0
DA:83,0
DA:84,0
DA:85,0
DA:86,0
DA:87,0
DA:104,0
DA:105,0
DA:106,0
DA:107,0
DA:109,0
DA:110,0
DA:111,0
DA:124,5
LF:20
LH:4
BRDA:80,0,0,0
BRDA:80,0,1,0
BRDA:82,1,0,0
BRDA:82,1,1,0
BRDA:83,2,0,0
BRDA:83,2,1,0
BRDA:84,3,0,0
BRDA:84,3,1,0
BRDA:85,4,0,0
BRDA:85,4,1,0
BRDA:90,5,0,0
BRDA:90,5,1,0
BRDA:92,6,0,0
BRDA:92,6,1,0
BRDA:106,7,0,0
BRDA:106,7,1,0
BRDA:106,8,0,0
BRDA:106,8,1,0
BRDA:114,9,0,0
BRDA:114,9,1,0
BRDA:117,10,0,0
BRDA:117,10,1,0
BRF:22
BRH:0
end_of_record
TN:
SF:components\tiles\DeveloperInfo.tsx
FN:9,DeveloperInfo
FNF:1
FNH:0
FNDA:0,DeveloperInfo
DA:10,0
DA:12,0
DA:13,0
LF:3
LH:0
BRDA:12,0,0,0
BRDA:12,0,1,0
BRDA:16,1,0,0
BRDA:16,1,1,0
BRDA:17,2,0,0
BRDA:17,2,1,0
BRF:6
BRH:0
end_of_record
TN:
SF:components\tiles\ItemTile.tsx
FN:40,ItemTile
FN:54,(anonymous_1)
FN:58,renderContent
FN:106,(anonymous_3)
FNF:4
FNH:0
FNDA:0,ItemTile
FNDA:0,(anonymous_1)
FNDA:0,renderContent
FNDA:0,(anonymous_3)
DA:41,0
DA:51,0
DA:52,0
DA:53,0
DA:54,0
DA:59,0
DA:61,0
DA:69,0
DA:102,0
DA:107,0
DA:108,0
DA:109,0
DA:112,0
DA:127,5
LF:14
LH:1
BRDA:43,0,0,0
BRDA:44,1,0,0
BRDA:50,2,0,0
BRDA:52,3,0,0
BRDA:52,3,1,0
BRDA:59,4,0,0
BRDA:59,4,1,0
BRDA:80,5,0,0
BRDA:80,5,1,0
BRDA:81,6,0,0
BRDA:81,6,1,0
BRDA:87,7,0,0
BRDA:87,7,1,0
BRDA:107,8,0,0
BRDA:107,8,1,0
BRDA:108,9,0,0
BRDA:108,9,1,0
BRDA:109,10,0,0
BRDA:109,10,1,0
BRF:19
BRH:0
end_of_record
TN:
SF:components\tiles\ItemTileBasicContent.tsx
FN:24,ItemTileBasicContent
FNF:1
FNH:0
FNDA:0,ItemTileBasicContent
DA:23,5
DA:32,0
DA:33,0
LF:3
LH:1
BRDA:28,0,0,0
BRDA:29,1,0,0
BRDA:30,2,0,0
BRDA:31,3,0,0
BRDA:46,4,0,0
BRDA:46,4,1,0
BRF:6
BRH:0
end_of_record
TN:
SF:components\tiles\ItemTileIsSelectedColumn.tsx
FN:8,TileIsSelectedBackground
FNF:1
FNH:0
FNDA:0,TileIsSelectedBackground
DA:9,0
DA:10,0
DA:11,0
DA:13,0
LF:4
LH:0
BRDA:11,0,0,0
BRDA:11,0,1,0
BRDA:11,1,0,0
BRDA:11,1,1,0
BRF:4
BRH:0
end_of_record
TN:
SF:components\tiles\ItemTileNameAndUpcColumn.tsx
FN:16,ItemTileNameAndUpcColumn
FN:28,(anonymous_1)
FN:30,(anonymous_2)
FNF:3
FNH:0
FNDA:0,ItemTileNameAndUpcColumn
FNDA:0,(anonymous_1)
FNDA:0,(anonymous_2)
DA:17,0
DA:26,0
DA:27,0
DA:28,0
DA:29,0
DA:30,0
DA:34,0
DA:35,0
LF:8
LH:0
BRDA:20,0,0,0
BRDA:23,1,0,0
BRDA:24,2,0,0
BRDA:28,3,0,0
BRDA:28,3,1,0
BRDA:30,4,0,0
BRDA:30,4,1,0
BRDA:34,5,0,0
BRDA:34,5,1,0
BRDA:44,6,0,0
BRDA:44,6,1,0
BRDA:44,7,0,0
BRDA:44,7,1,0
BRF:13
BRH:0
end_of_record
TN:
SF:constants\colors.ts
FNF:0
FNH:0
DA:1,1
DA:2,1
DA:3,1
DA:5,1
LF:4
LH:4
BRF:0
BRH:0
end_of_record
TN:
SF:constants\general.ts
FN:77,(anonymous_0)
FN:77,(anonymous_1)
FN:84,(anonymous_2)
FN:84,(anonymous_3)
FN:91,(anonymous_4)
FN:95,(anonymous_5)
FN:96,(anonymous_6)
FNF:7
FNH:0
FNDA:0,(anonymous_0)
FNDA:0,(anonymous_1)
FNDA:0,(anonymous_2)
FNDA:0,(anonymous_3)
FNDA:0,(anonymous_4)
FNDA:0,(anonymous_5)
FNDA:0,(anonymous_6)
DA:14,9
DA:15,9
DA:16,9
DA:17,9
DA:25,9
DA:26,9
DA:27,9
DA:28,9
DA:29,9
DA:30,9
DA:31,9
DA:32,9
DA:33,9
DA:34,9
DA:35,9
DA:36,9
DA:37,9
DA:38,9
DA:39,9
DA:46,9
DA:47,9
DA:51,9
DA:55,9
DA:56,9
DA:57,9
DA:58,9
DA:59,9
DA:60,9
DA:61,9
DA:62,9
DA:63,9
DA:64,9
DA:67,9
DA:73,9
DA:74,9
DA:75,9
DA:76,9
DA:77,0
DA:78,0
DA:79,0
DA:81,0
DA:84,0
DA:85,0
DA:86,0
DA:88,0
DA:92,0
DA:96,0
DA:97,0
DA:98,0
DA:100,0
DA:104,9
DA:105,9
DA:106,9
DA:107,9
DA:108,9
DA:109,9
DA:114,9
DA:118,9
DA:119,9
DA:121,9
DA:126,9
DA:127,9
DA:128,9
DA:129,9
DA:380,9
LF:65
LH:52
BRDA:78,0,0,0
BRDA:78,0,1,0
BRDA:85,1,0,0
BRDA:85,1,1,0
BRDA:95,2,0,0
BRDA:97,3,0,0
BRDA:97,3,1,0
BRF:7
BRH:0
end_of_record
TN:
SF:constants\navigation.ts
FNF:0
FNH:0
LF:0
LH:0
BRF:0
BRH:0
end_of_record
TN:
SF:constants\regexs.ts
FNF:0
FNH:0
DA:1,5
DA:2,5
DA:3,5
DA:4,5
DA:5,5
LF:5
LH:5
BRF:0
BRH:0
end_of_record
TN:
SF:constants\styles.ts
FNF:0
FNH:0
DA:7,5
DA:11,5
DA:17,5
DA:25,5
LF:4
LH:4
BRDA:8,0,0,0
BRDA:8,0,1,5
BRF:2
BRH:1
end_of_record
TN:
SF:constants\testing.ts
FN:2598,getMockStoresList
FN:2621,getMockLocationsList
FN:2639,getMockItemsListWithStoreSpecificValues
FN:2658,getMockStoreSpecificValuesMap
FNF:4
FNH:0
FNDA:0,getMockStoresList
FNDA:0,getMockLocationsList
FNDA:0,getMockItemsListWithStoreSpecificValues
FNDA:0,getMockStoreSpecificValuesMap
DA:18,1
DA:1039,1
DA:2554,1
DA:2599,0
DA:2600,0
DA:2601,0
DA:2614,0
DA:2624,0
DA:2625,0
DA:2626,0
DA:2636,0
DA:2643,0
DA:2644,0
DA:2646,0
DA:2648,0
DA:2649,0
DA:2650,0
DA:2652,0
DA:2662,0
DA:2665,0
DA:2666,0
DA:2667,0
DA:2669,0
DA:2670,0
DA:2671,0
DA:2673,0
DA:2674,0
DA:2675,0
DA:2680,0
LF:29
LH:3
BRDA:2598,0,0,0
BRDA:2622,1,0,0
BRF:2
BRH:0
end_of_record
TN:
SF:state\thunks.ts
FN:80,(anonymous_0)
FN:113,(anonymous_1)
FN:154,(anonymous_2)
FN:182,(anonymous_3)
FN:212,(anonymous_4)
FN:255,(anonymous_5)
FN:262,(anonymous_6)
FN:263,(anonymous_7)
FN:271,(anonymous_8)
FN:312,(anonymous_9)
FN:320,(anonymous_10)
FN:321,(anonymous_11)
FN:330,(anonymous_12)
FN:344,(anonymous_13)
FN:359,(anonymous_14)
FN:373,(anonymous_15)
FN:406,(anonymous_16)
FN:445,(anonymous_17)
FN:460,(anonymous_18)
FN:463,(anonymous_19)
FN:467,(anonymous_20)
FN:500,(anonymous_21)
FN:514,(anonymous_22)
FN:534,(anonymous_23)
FN:612,(anonymous_24)
FN:662,(anonymous_25)
FN:740,handleErrorsWithRejection
FN:761,saveCustomImageToS3
FN:773,(anonymous_28)
FNF:29
FNH:0
FNDA:0,(anonymous_0)
FNDA:0,(anonymous_1)
FNDA:0,(anonymous_2)
FNDA:0,(anonymous_3)
FNDA:0,(anonymous_4)
FNDA:0,(anonymous_5)
FNDA:0,(anonymous_6)
FNDA:0,(anonymous_7)
FNDA:0,(anonymous_8)
FNDA:0,(anonymous_9)
FNDA:0,(anonymous_10)
FNDA:0,(anonymous_11)
FNDA:0,(anonymous_12)
FNDA:0,(anonymous_13)
FNDA:0,(anonymous_14)
FNDA:0,(anonymous_15)
FNDA:0,(anonymous_16)
FNDA:0,(anonymous_17)
FNDA:0,(anonymous_18)
FNDA:0,(anonymous_19)
FNDA:0,(anonymous_20)
FNDA:0,(anonymous_21)
FNDA:0,(anonymous_22)
FNDA:0,(anonymous_23)
FNDA:0,(anonymous_24)
FNDA:0,(anonymous_25)
FNDA:0,handleErrorsWithRejection
FNDA:0,saveCustomImageToS3
FNDA:0,(anonymous_28)
DA:78,5
DA:81,0
DA:82,0
DA:84,0
DA:85,0
DA:90,0
DA:91,0
DA:93,0
DA:100,0
DA:111,5
DA:114,0
DA:115,0
DA:116,0
DA:118,0
DA:119,0
DA:120,0
DA:121,0
DA:124,0
DA:125,0
DA:126,0
DA:129,0
DA:135,0
DA:136,0
DA:138,0
DA:140,0
DA:152,5
DA:156,0
DA:157,0
DA:158,0
DA:159,0
DA:161,0
DA:168,0
DA:180,5
DA:183,0
DA:184,0
DA:186,0
DA:187,0
DA:188,0
DA:190,0
DA:194,0
DA:195,0
DA:197,0
DA:199,0
DA:210,5
DA:214,0
DA:215,0
DA:216,0
DA:217,0
DA:219,0
DA:226,0
DA:227,0
DA:228,0
DA:241,0
DA:253,5
DA:259,0
DA:260,0
DA:261,0
DA:262,0
DA:263,0
DA:265,0
DA:267,0
DA:268,0
DA:269,0
DA:270,0
DA:271,0
DA:272,0
DA:273,0
DA:274,0
DA:276,0
DA:278,0
DA:279,0
DA:280,0
DA:283,0
DA:284,0
DA:290,0
DA:291,0
DA:293,0
DA:295,0
DA:296,0
DA:305,0
DA:310,5
DA:316,0
DA:317,0
DA:318,0
DA:319,0
DA:320,0
DA:321,0
DA:322,0
DA:325,0
DA:326,0
DA:327,0
DA:328,0
DA:329,0
DA:330,0
DA:331,0
DA:332,0
DA:334,0
DA:336,0
DA:337,0
DA:338,0
DA:339,0
DA:341,0
DA:342,0
DA:344,0
DA:349,0
DA:350,0
DA:351,0
DA:354,0
DA:359,0
DA:363,0
DA:364,0
DA:365,0
DA:371,5
DA:374,0
DA:375,0
DA:377,0
DA:378,0
DA:384,0
DA:385,0
DA:387,0
DA:393,0
DA:404,5
DA:407,0
DA:408,0
DA:410,0
DA:412,0
DA:413,0
DA:414,0
DA:415,0
DA:417,0
DA:418,0
DA:423,0
DA:424,0
DA:426,0
DA:427,0
DA:429,0
DA:438,0
DA:443,5
DA:446,0
DA:447,0
DA:449,0
DA:451,0
DA:452,0
DA:453,0
DA:454,0
DA:456,0
DA:457,0
DA:459,0
DA:460,0
DA:462,0
DA:463,0
DA:466,0
DA:467,0
DA:470,0
DA:483,0
DA:484,0
DA:486,0
DA:495,0
DA:500,0
DA:501,0
DA:514,0
DA:516,0
DA:518,0
DA:527,0
DA:532,5
DA:535,0
DA:536,0
DA:537,0
DA:539,0
DA:540,0
DA:542,0
DA:553,0
DA:554,0
DA:555,0
DA:556,0
DA:560,0
DA:562,0
DA:563,0
DA:564,0
DA:565,0
DA:566,0
DA:567,0
DA:570,0
DA:571,0
DA:577,0
DA:578,0
DA:579,0
DA:580,0
DA:581,0
DA:582,0
DA:589,0
DA:591,0
DA:592,0
DA:593,0
DA:595,0
DA:604,0
DA:605,0
DA:610,5
DA:613,0
DA:614,0
DA:615,0
DA:616,0
DA:619,0
DA:620,0
DA:621,0
DA:622,0
DA:624,0
DA:629,0
DA:630,0
DA:631,0
DA:634,0
DA:635,0
DA:640,0
DA:641,0
DA:642,0
DA:645,0
DA:654,0
DA:655,0
DA:660,5
DA:666,0
DA:667,0
DA:668,0
DA:671,0
DA:672,0
DA:677,0
DA:692,0
DA:693,0
DA:694,0
DA:695,0
DA:697,0
DA:698,0
DA:699,0
DA:702,0
DA:705,0
DA:710,0
DA:711,0
DA:713,0
DA:714,0
DA:716,0
DA:725,0
DA:726,0
DA:751,0
DA:753,0
DA:754,0
DA:755,0
DA:756,0
DA:758,0
DA:766,0
DA:767,0
DA:772,0
DA:773,0
DA:774,0
DA:776,0
DA:778,0
DA:779,0
DA:781,0
DA:782,0
DA:785,0
DA:786,0
DA:788,0
DA:789,0
DA:795,0
DA:797,0
DA:798,0
DA:801,0
DA:802,0
DA:803,0
DA:806,0
DA:811,0
DA:813,0
DA:814,0
DA:817,0
DA:819,0
DA:820,0
LF:274
LH:13
BRDA:90,0,0,0
BRDA:90,0,1,0
BRDA:120,1,0,0
BRDA:120,1,1,0
BRDA:124,2,0,0
BRDA:124,2,1,0
BRDA:124,3,0,0
BRDA:124,3,1,0
BRDA:135,4,0,0
BRDA:135,4,1,0
BRDA:135,5,0,0
BRDA:135,5,1,0
BRDA:158,6,0,0
BRDA:158,6,1,0
BRDA:187,7,0,0
BRDA:187,7,1,0
BRDA:194,8,0,0
BRDA:194,8,1,0
BRDA:216,9,0,0
BRDA:216,9,1,0
BRDA:227,10,0,0
BRDA:227,10,1,0
BRDA:261,11,0,0
BRDA:261,11,1,0
BRDA:262,12,0,0
BRDA:262,12,1,0
BRDA:263,13,0,0
BRDA:263,13,1,0
BRDA:268,14,0,0
BRDA:268,14,1,0
BRDA:268,15,0,0
BRDA:268,15,1,0
BRDA:270,16,0,0
BRDA:270,16,1,0
BRDA:278,17,0,0
BRDA:278,17,1,0
BRDA:278,18,0,0
BRDA:278,18,1,0
BRDA:290,19,0,0
BRDA:290,19,1,0
BRDA:320,20,0,0
BRDA:320,20,1,0
BRDA:321,21,0,0
BRDA:321,21,1,0
BRDA:326,22,0,0
BRDA:326,22,1,0
BRDA:326,23,0,0
BRDA:326,23,1,0
BRDA:329,24,0,0
BRDA:329,24,1,0
BRDA:336,25,0,0
BRDA:336,25,1,0
BRDA:336,26,0,0
BRDA:336,26,1,0
BRDA:344,27,0,0
BRDA:344,27,1,0
BRDA:349,28,0,0
BRDA:349,28,1,0
BRDA:364,29,0,0
BRDA:364,29,1,0
BRDA:374,30,0,0
BRDA:384,31,0,0
BRDA:384,31,1,0
BRDA:408,32,0,0
BRDA:408,32,1,0
BRDA:413,33,0,0
BRDA:413,33,1,0
BRDA:413,34,0,0
BRDA:413,34,1,0
BRDA:423,35,0,0
BRDA:423,35,1,0
BRDA:447,36,0,0
BRDA:447,36,1,0
BRDA:452,37,0,0
BRDA:452,37,1,0
BRDA:452,38,0,0
BRDA:452,38,1,0
BRDA:460,39,0,0
BRDA:460,39,1,0
BRDA:483,40,0,0
BRDA:483,40,1,0
BRDA:535,41,0,0
BRDA:535,41,1,0
BRDA:547,42,0,0
BRDA:547,42,1,0
BRDA:549,43,0,0
BRDA:549,43,1,0
BRDA:554,44,0,0
BRDA:554,44,1,0
BRDA:554,45,0,0
BRDA:554,45,1,0
BRDA:562,46,0,0
BRDA:562,46,1,0
BRDA:562,47,0,0
BRDA:562,47,1,0
BRDA:565,48,0,0
BRDA:565,48,1,0
BRDA:577,49,0,0
BRDA:577,49,1,0
BRDA:578,50,0,0
BRDA:578,50,1,0
BRDA:584,51,0,0
BRDA:584,51,1,0
BRDA:621,52,0,0
BRDA:621,52,1,0
BRDA:629,53,0,0
BRDA:629,53,1,0
BRDA:629,54,0,0
BRDA:629,54,1,0
BRDA:640,55,0,0
BRDA:640,55,1,0
BRDA:671,56,0,0
BRDA:671,56,1,0
BRDA:682,57,0,0
BRDA:682,57,1,0
BRDA:686,58,0,0
BRDA:686,58,1,0
BRDA:693,59,0,0
BRDA:693,59,1,0
BRDA:693,60,0,0
BRDA:693,60,1,0
BRDA:697,61,0,0
BRDA:697,61,1,0
BRDA:710,62,0,0
BRDA:710,62,1,0
BRDA:749,63,0,0
BRDA:750,64,0,0
BRDA:753,65,0,0
BRDA:753,65,1,0
BRDA:755,66,0,0
BRDA:755,66,1,0
BRDA:778,67,0,0
BRDA:778,67,1,0
BRDA:778,68,0,0
BRDA:778,68,1,0
BRDA:781,69,0,0
BRDA:781,69,1,0
BRDA:781,70,0,0
BRDA:781,70,1,0
BRDA:797,71,0,0
BRDA:797,71,1,0
BRDA:797,72,0,0
BRDA:797,72,1,0
BRDA:802,73,0,0
BRDA:802,73,1,0
BRDA:813,74,0,0
BRDA:813,74,1,0
BRF:147
BRH:0
end_of_record
TN:
SF:state\slices\generalSlice.ts
FN:24,(anonymous_0)
FN:66,(anonymous_1)
FN:69,(anonymous_2)
FN:79,(anonymous_3)
FN:85,(anonymous_4)
FN:95,(anonymous_5)
FN:106,(anonymous_6)
FN:112,(anonymous_7)
FN:120,(anonymous_8)
FN:124,(anonymous_9)
FN:125,(anonymous_10)
FN:128,(anonymous_11)
FN:131,(anonymous_12)
FN:135,(anonymous_13)
FN:138,(anonymous_14)
FN:141,(anonymous_15)
FN:144,(anonymous_16)
FN:164,(anonymous_17)
FN:167,(anonymous_18)
FN:170,(anonymous_19)
FN:173,(anonymous_20)
FN:176,(anonymous_21)
FN:179,(anonymous_22)
FNF:23
FNH:1
FNDA:5,(anonymous_0)
FNDA:0,(anonymous_1)
FNDA:0,(anonymous_2)
FNDA:0,(anonymous_3)
FNDA:0,(anonymous_4)
FNDA:0,(anonymous_5)
FNDA:0,(anonymous_6)
FNDA:0,(anonymous_7)
FNDA:0,(anonymous_8)
FNDA:0,(anonymous_9)
FNDA:0,(anonymous_10)
FNDA:0,(anonymous_11)
FNDA:0,(anonymous_12)
FNDA:0,(anonymous_13)
FNDA:0,(anonymous_14)
FNDA:0,(anonymous_15)
FNDA:0,(anonymous_16)
FNDA:0,(anonymous_17)
FNDA:0,(anonymous_18)
FNDA:0,(anonymous_19)
FNDA:0,(anonymous_20)
FNDA:0,(anonymous_21)
FNDA:0,(anonymous_22)
DA:19,5
DA:24,5
DA:25,5
DA:26,5
DA:27,5
DA:52,5
DA:62,5
DA:67,0
DA:73,0
DA:74,0
DA:75,0
DA:77,0
DA:83,0
DA:89,0
DA:90,0
DA:91,0
DA:93,0
DA:99,0
DA:100,0
DA:101,0
DA:102,0
DA:104,0
DA:110,0
DA:117,0
DA:118,0
DA:121,0
DA:125,0
DA:126,0
DA:128,0
DA:129,0
DA:131,0
DA:132,0
DA:133,0
DA:135,0
DA:136,0
DA:138,0
DA:139,0
DA:141,0
DA:142,0
DA:144,0
DA:145,0
DA:160,5
DA:164,5
DA:165,0
DA:167,5
DA:168,0
DA:170,5
DA:171,0
DA:173,5
DA:174,0
DA:176,5
DA:177,0
DA:179,5
DA:180,0
LF:54
LH:14
BRDA:74,0,0,0
BRDA:74,0,1,0
BRDA:90,1,0,0
BRDA:90,1,1,0
BRDA:100,2,0,0
BRDA:100,2,1,0
BRDA:117,3,0,0
BRDA:117,3,1,0
BRDA:117,4,0,0
BRDA:117,4,1,0
BRF:10
BRH:0
end_of_record
TN:
SF:state\slices\scannerSlice.ts
FN:30,(anonymous_0)
FN:54,(anonymous_1)
FN:61,(anonymous_2)
FN:64,(anonymous_3)
FN:84,(anonymous_4)
FN:87,(anonymous_5)
FN:90,(anonymous_6)
FN:93,(anonymous_7)
FNF:8
FNH:0
FNDA:0,(anonymous_0)
FNDA:0,(anonymous_1)
FNDA:0,(anonymous_2)
FNDA:0,(anonymous_3)
FNDA:0,(anonymous_4)
FNDA:0,(anonymous_5)
FNDA:0,(anonymous_6)
FNDA:0,(anonymous_7)
DA:20,5
DA:22,5
DA:26,5
DA:31,0
DA:32,0
DA:36,0
DA:38,0
DA:39,0
DA:46,0
DA:49,0
DA:55,0
DA:56,0
DA:57,0
DA:59,0
DA:62,0
DA:68,0
DA:69,0
DA:80,5
DA:84,5
DA:85,0
DA:87,5
DA:88,0
DA:91,0
DA:95,0
DA:96,0
DA:97,0
DA:98,0
LF:27
LH:6
BRDA:31,0,0,0
BRDA:31,0,1,0
BRDA:34,1,0,0
BRDA:34,1,1,0
BRDA:38,2,0,0
BRDA:38,2,1,0
BRDA:38,3,0,0
BRDA:38,3,1,0
BRDA:55,4,0,0
BRDA:55,4,1,0
BRDA:68,5,0,0
BRDA:68,5,1,0
BRDA:98,6,0,0
BRDA:98,6,1,0
BRDA:98,6,2,0
BRF:15
BRH:0
end_of_record
TN:
SF:state\slices\helpers\getLastPurchasedMapFromStoreSpecificValues.ts
FN:10,getLastPurchasedFromStoreSpecificValues
FNF:1
FNH:1
FNDA:2,getLastPurchasedFromStoreSpecificValues
DA:14,2
DA:15,2
DA:16,2
DA:17,2
DA:18,2
DA:23,2
DA:29,2
LF:7
LH:7
BRDA:15,0,0,0
BRDA:15,0,1,2
BRDA:18,1,0,2
BRDA:18,1,1,0
BRF:4
BRH:2
end_of_record
TN:
SF:state\slices\helpers\getQuickAddGuesses.tsx
FN:10,getQuickAddGuesses
FN:52,(anonymous_1)
FN:73,(anonymous_2)
FNF:3
FNH:2
FNDA:4,getQuickAddGuesses
FNDA:21,(anonymous_1)
FNDA:0,(anonymous_2)
DA:9,1
DA:14,4
DA:16,4
DA:17,572
DA:19,572
DA:21,572
DA:22,1430
DA:23,1430
DA:24,1430
DA:30,1430
DA:31,10
DA:34,1430
DA:35,53
DA:40,53
DA:41,22
DA:51,4
DA:52,10
DA:53,21
DA:54,21
DA:55,21
DA:56,21
DA:59,10
DA:60,10
DA:61,22
DA:62,0
DA:63,0
DA:68,10
DA:69,10
DA:70,10
DA:73,0
DA:74,0
DA:77,4
LF:32
LH:28
BRDA:19,0,0,0
BRDA:19,0,1,572
BRDA:23,1,0,1430
BRDA:23,1,1,0
BRDA:30,2,0,10
BRDA:30,2,1,1420
BRDA:34,3,0,53
BRDA:34,3,1,1377
BRDA:40,4,0,22
BRDA:40,4,1,31
BRDA:55,5,0,0
BRDA:55,5,1,21
BRDA:56,6,0,8
BRDA:56,6,1,13
BRDA:61,7,0,0
BRDA:61,7,1,22
BRDA:68,8,0,10
BRDA:68,8,1,0
BRF:18
BRH:13
end_of_record
TN:
SF:state\slices\helpers\updateStoreSpecificValueMap.ts
FN:12,updateStoreSpecificValueMap
FNF:1
FNH:1
FNDA:3,updateStoreSpecificValueMap
DA:18,3
DA:19,3
DA:22,3
DA:23,3
DA:24,3
DA:26,3
DA:28,3
DA:30,3
DA:34,2
DA:42,1
LF:10
LH:10
BRDA:20,0,0,3
BRDA:20,0,1,0
BRDA:22,1,0,3
BRDA:22,1,1,0
BRDA:26,2,0,3
BRDA:26,2,1,2
BRDA:30,3,0,2
BRDA:30,3,1,1
BRDA:31,4,0,3
BRDA:31,4,1,1
BRF:10
BRH:8
end_of_record
TN:
SF:types\Item.ts
FNF:0
FNH:0
LF:0
LH:0
BRF:0
BRH:0
end_of_record
TN:
SF:types\general.ts
FNF:0
FNH:0
LF:0
LH:0
BRF:0
BRH:0
end_of_record
TN:
SF:types\listSlice.ts
FNF:0
FNH:0
LF:0
LH:0
BRF:0
BRH:0
end_of_record
TN:
SF:utils\getAlphabeticalCharToIndexMapping.ts
FN:4,getAlphabeticalCharToIndexMapping
FN:10,(anonymous_1)
FN:19,(anonymous_2)
FNF:3
FNH:3
FNDA:2,getAlphabeticalCharToIndexMapping
FNDA:1501,(anonymous_1)
FNDA:262,(anonymous_2)
DA:8,2
DA:9,2
DA:11,1501
DA:12,1501
DA:13,1501
DA:14,1501
DA:15,748
DA:17,753
DA:19,262
DA:21,2
DA:22,262
DA:23,262
DA:24,262
DA:25,42
DA:27,2
LF:15
LH:15
BRDA:6,0,0,1
BRDA:11,1,0,1501
BRDA:11,1,1,0
BRDA:12,2,0,1501
BRDA:12,2,1,0
BRDA:13,3,0,0
BRDA:13,3,1,1501
BRDA:14,4,0,748
BRDA:14,4,1,753
BRDA:15,5,0,372
BRDA:15,5,1,376
BRDA:17,6,0,419
BRDA:17,6,1,334
BRDA:19,7,0,262
BRDA:19,7,1,0
BRDA:24,8,0,220
BRDA:24,8,1,42
BRDA:24,9,0,262
BRDA:24,9,1,262
BRF:19
BRH:15
end_of_record
TN:
SF:utils\getHash.ts
FN:1,stableStringify
FN:11,(anonymous_1)
FN:16,djb2Hash
FN:24,getHash
FNF:4
FNH:4
FNDA:31951,stableStringify
FNDA:26000,(anonymous_1)
FNDA:7,djb2Hash
FNDA:7,getHash
DA:2,31951
DA:3,21949
DA:5,10002
DA:6,2001
DA:8,8001
DA:9,8001
DA:11,26000
DA:17,7
DA:18,7
DA:19,787480
DA:21,7
DA:25,7
DA:26,7
LF:13
LH:13
BRDA:2,0,0,21949
BRDA:2,0,1,10002
BRDA:2,1,0,31951
BRDA:2,1,1,31950
BRDA:5,2,0,2001
BRDA:5,2,1,8001
BRF:6
BRH:6
end_of_record
TN:
SF:utils\getImagesFromUpcProducts.ts
FN:4,getImagesFromUpcProduct
FN:6,(anonymous_1)
FNF:2
FNH:2
FNDA:4,getImagesFromUpcProduct
FNDA:16,(anonymous_1)
DA:5,4
DA:6,4
DA:7,16
DA:8,16
DA:9,12
DA:12,4
LF:6
LH:6
BRDA:7,0,0,16
BRDA:7,0,1,4
BRDA:8,1,0,12
BRDA:8,1,1,4
BRF:4
BRH:4
end_of_record
TN:
SF:utils\getItemWithStoreSpecificValues.ts
FN:8,getItemWithStoreSpecificValues
FNF:1
FNH:1
FNDA:1,getItemWithStoreSpecificValues
DA:12,1
DA:26,1
LF:2
LH:2
BRDA:14,0,0,1
BRDA:14,0,1,0
BRDA:16,1,0,1
BRDA:16,1,1,0
BRDA:18,2,0,1
BRDA:18,2,1,0
BRDA:20,3,0,1
BRDA:20,3,1,0
BRDA:22,4,0,1
BRDA:22,4,1,0
BRDA:24,5,0,1
BRDA:24,5,1,0
BRF:12
BRH:6
end_of_record
TN:
SF:utils\handleLastPurchasedMapImport.ts
FN:9,handleLastPurchasedMapImport
FNF:1
FNH:0
FNDA:0,handleLastPurchasedMapImport
DA:14,0
DA:15,0
DA:16,0
DA:17,0
DA:20,0
DA:21,0
DA:23,0
DA:24,0
DA:28,0
DA:31,0
DA:34,0
DA:35,0
DA:39,0
DA:40,0
DA:46,0
LF:15
LH:0
BRDA:14,0,0,0
BRDA:14,0,1,0
BRDA:18,1,0,0
BRDA:18,1,1,0
BRDA:23,2,0,0
BRDA:23,2,1,0
BRDA:23,3,0,0
BRDA:23,3,1,0
BRDA:34,4,0,0
BRDA:34,4,1,0
BRDA:39,5,0,0
BRDA:39,5,1,0
BRF:12
BRH:0
end_of_record
TN:
SF:utils\handleStoreSpecificValuesImport.ts
FN:11,handleStoreSpecificValuesImport
FN:20,(anonymous_1)
FN:35,(anonymous_2)
FNF:3
FNH:0
FNDA:0,handleStoreSpecificValuesImport
FNDA:0,(anonymous_1)
FNDA:0,(anonymous_2)
DA:16,0
DA:17,0
DA:18,0
DA:21,0
DA:22,0
DA:23,0
DA:27,0
DA:28,0
DA:31,0
DA:41,0
DA:42,0
DA:43,0
DA:47,0
DA:48,0
DA:51,0
DA:52,0
DA:58,0
LF:17
LH:0
BRDA:16,0,0,0
BRDA:16,0,1,0
BRDA:22,1,0,0
BRDA:22,1,1,0
BRDA:27,2,0,0
BRDA:27,2,1,0
BRDA:42,3,0,0
BRDA:42,3,1,0
BRDA:47,4,0,0
BRDA:47,4,1,0
BRF:10
BRH:0
end_of_record
TN:
SF:utils\helpers.ts
FN:65,wait
FN:67,(anonymous_1)
FN:68,(anonymous_2)
FN:74,calculateDistance
FN:108,camelCaseToSpacedCapitalized
FN:111,(anonymous_5)
FN:116,delay
FN:118,(anonymous_7)
FN:119,(anonymous_8)
FN:125,deleteImages
FN:135,deleteFile
FN:147,displayAlert
FN:151,ensureMaxLength
FN:157,getAddressString
FN:176,getAreStoresEqual
FN:181,(anonymous_15)
FN:196,getBackendUrl
FN:205,getButtonHitSlop
FN:214,getEmptyArray
FN:218,getEmptyList
FN:226,getEmptyItem
FN:243,getEmptyObject
FN:247,getEmptyStore
FN:269,getFilteredList
FN:270,(anonymous_24)
FN:280,getId
FN:284,getIsDevelopmentMode
FN:288,getIsPreviouslyPurchasedItemRecommended
FN:300,getIsValidUpcValue
FN:304,getItemValidation
FN:312,getKeyToUse
FN:330,getKeyToUseFieldName
FN:335,getFrequencyValue
FN:360,getDurationFromFrequency
FN:380,getGpsCoordinate
FN:407,getCustomImageInfo
FN:410,(anonymous_36)
FN:418,getImagePickerOptions
FN:431,getItemForImport
FN:433,(anonymous_39)
FN:444,getItemFromList
FN:447,(anonymous_41)
FN:461,getIndexOfSmallestField
FN:477,getNewViewingMode
FN:483,getS3ObjectKey
FN:497,getS3Images
FN:499,(anonymous_46)
FN:502,getSortOrderValues
FN:515,getStandardizedUpcValue
FN:520,getStateFromString
FN:528,getStoreWithDistance
FN:541,getStoreDescriptor
FN:550,getUserCredentials
FN:559,handleError
FN:573,isAddressValid
FN:581,joinWithAnd
FN:597,getDirectory
FN:605,captureImage
FN:619,makeNewDirectory
FN:631,importAppData
FN:654,pickImage
FN:669,resetConfirmModalProps
FN:677,retrieveImagePathFromAsyncStorage
FN:690,roundNumber
FN:707,saveImageLocally
FN:729,saveImagePathToAsyncStorage
FN:738,saveAppStateToFile
FN:752,setAppData
FN:761,(anonymous_68)
FN:769,(anonymous_69)
FN:796,measureExecutionTime
FN:808,sanitizeKey
FN:822,sanitize
FN:827,trimObjectValues
FN:836,uriToBlob
FNF:75
FNH:4
FNDA:0,wait
FNDA:0,(anonymous_1)
FNDA:0,(anonymous_2)
FNDA:0,calculateDistance
FNDA:0,camelCaseToSpacedCapitalized
FNDA:0,(anonymous_5)
FNDA:0,delay
FNDA:0,(anonymous_7)
FNDA:0,(anonymous_8)
FNDA:0,deleteImages
FNDA:0,deleteFile
FNDA:0,displayAlert
FNDA:0,ensureMaxLength
FNDA:0,getAddressString
FNDA:0,getAreStoresEqual
FNDA:0,(anonymous_15)
FNDA:5,getBackendUrl
FNDA:0,getButtonHitSlop
FNDA:0,getEmptyArray
FNDA:0,getEmptyList
FNDA:0,getEmptyItem
FNDA:0,getEmptyObject
FNDA:0,getEmptyStore
FNDA:0,getFilteredList
FNDA:0,(anonymous_24)
FNDA:2020,getId
FNDA:10,getIsDevelopmentMode
FNDA:0,getIsPreviouslyPurchasedItemRecommended
FNDA:0,getIsValidUpcValue
FNDA:0,getItemValidation
FNDA:0,getKeyToUse
FNDA:0,getKeyToUseFieldName
FNDA:0,getFrequencyValue
FNDA:0,getDurationFromFrequency
FNDA:0,getGpsCoordinate
FNDA:0,getCustomImageInfo
FNDA:0,(anonymous_36)
FNDA:0,getImagePickerOptions
FNDA:0,getItemForImport
FNDA:0,(anonymous_39)
FNDA:0,getItemFromList
FNDA:0,(anonymous_41)
FNDA:0,getIndexOfSmallestField
FNDA:0,getNewViewingMode
FNDA:3,getS3ObjectKey
FNDA:0,getS3Images
FNDA:0,(anonymous_46)
FNDA:0,getSortOrderValues
FNDA:0,getStandardizedUpcValue
FNDA:0,getStateFromString
FNDA:0,getStoreWithDistance
FNDA:0,getStoreDescriptor
FNDA:0,getUserCredentials
FNDA:0,handleError
FNDA:0,isAddressValid
FNDA:0,joinWithAnd
FNDA:0,getDirectory
FNDA:0,captureImage
FNDA:0,makeNewDirectory
FNDA:0,importAppData
FNDA:0,pickImage
FNDA:0,resetConfirmModalProps
FNDA:0,retrieveImagePathFromAsyncStorage
FNDA:0,roundNumber
FNDA:0,saveImageLocally
FNDA:0,saveImagePathToAsyncStorage
FNDA:0,saveAppStateToFile
FNDA:0,setAppData
FNDA:0,(anonymous_68)
FNDA:0,(anonymous_69)
FNDA:0,measureExecutionTime
FNDA:0,sanitizeKey
FNDA:0,sanitize
FNDA:0,trimObjectValues
FNDA:0,uriToBlob
DA:66,0
DA:67,0
DA:68,0
DA:69,0
DA:78,0
DA:79,0
DA:81,0
DA:84,0
DA:85,0
DA:86,0
DA:87,0
DA:90,0
DA:91,0
DA:95,0
DA:97,0
DA:100,0
DA:103,0
DA:105,0
DA:111,0
DA:112,0
DA:117,0
DA:118,0
DA:119,0
DA:120,0
DA:126,0
DA:127,0
DA:128,0
DA:130,0
DA:131,0
DA:136,0
DA:137,0
DA:138,0
DA:139,0
DA:140,0
DA:142,0
DA:143,0
DA:148,0
DA:152,0
DA:153,0
DA:154,0
DA:161,0
DA:163,0
DA:164,0
DA:165,0
DA:166,0
DA:167,0
DA:170,0
DA:177,0
DA:178,0
DA:182,0
DA:189,0
DA:191,0
DA:197,5
DA:206,0
DA:215,0
DA:219,0
DA:227,0
DA:244,0
DA:251,0
DA:270,0
DA:271,0
DA:272,0
DA:273,0
DA:274,0
DA:276,0
DA:281,2020
DA:285,10
DA:292,0
DA:293,0
DA:301,0
DA:305,0
DA:306,0
DA:313,0
DA:314,0
DA:316,0
DA:321,0
DA:322,0
DA:327,0
DA:331,0
DA:332,0
DA:336,0
DA:337,0
DA:341,0
DA:342,0
DA:343,0
DA:344,0
DA:345,0
DA:346,0
DA:347,0
DA:348,0
DA:350,0
DA:351,0
DA:354,0
DA:361,0
DA:363,0
DA:365,0
DA:366,0
DA:368,0
DA:369,0
DA:371,0
DA:372,0
DA:374,0
DA:375,0
DA:377,0
DA:381,0
DA:382,0
DA:383,0
DA:386,0
DA:387,0
DA:389,0
DA:392,0
DA:395,0
DA:396,0
DA:401,0
DA:408,0
DA:409,0
DA:410,0
DA:411,0
DA:413,0
DA:414,0
DA:415,0
DA:421,0
DA:432,0
DA:433,0
DA:434,0
DA:435,0
DA:437,0
DA:438,0
DA:440,0
DA:445,0
DA:447,0
DA:448,0
DA:449,0
DA:452,0
DA:454,0
DA:455,0
DA:456,0
DA:458,0
DA:462,0
DA:463,0
DA:466,0
DA:468,0
DA:469,0
DA:470,0
DA:474,0
DA:478,0
DA:484,3
DA:485,3
DA:486,3
DA:487,3
DA:488,2
DA:490,3
DA:491,3
DA:493,0
DA:498,0
DA:499,0
DA:503,0
DA:506,0
DA:511,0
DA:516,0
DA:517,0
DA:521,0
DA:522,0
DA:523,0
DA:524,0
DA:525,0
DA:532,0
DA:542,0
DA:553,0
DA:564,0
DA:574,0
DA:575,0
DA:577,0
DA:578,0
DA:582,0
DA:583,0
DA:584,0
DA:585,0
DA:586,0
DA:587,0
DA:589,0
DA:590,0
DA:599,0
DA:600,0
DA:601,0
DA:602,0
DA:606,0
DA:607,0
DA:611,0
DA:612,0
DA:615,0
DA:620,0
DA:621,0
DA:622,0
DA:624,0
DA:625,0
DA:627,0
DA:632,0
DA:633,0
DA:634,0
DA:635,0
DA:636,0
DA:637,0
DA:638,0
DA:639,0
DA:640,0
DA:641,0
DA:644,0
DA:647,0
DA:649,0
DA:651,0
DA:655,0
DA:657,0
DA:661,0
DA:662,0
DA:665,0
DA:674,0
DA:678,0
DA:679,0
DA:680,0
DA:682,0
DA:686,0
DA:691,0
DA:692,0
DA:695,0
DA:696,0
DA:699,0
DA:700,0
DA:708,0
DA:709,0
DA:710,0
DA:711,0
DA:715,0
DA:716,0
DA:717,0
DA:718,0
DA:720,0
DA:721,0
DA:724,0
DA:725,0
DA:730,0
DA:731,0
DA:732,0
DA:734,0
DA:743,0
DA:744,0
DA:749,0
DA:760,0
DA:761,0
DA:762,0
DA:763,0
DA:765,0
DA:766,0
DA:769,0
DA:770,0
DA:771,0
DA:773,0
DA:774,0
DA:777,0
DA:786,0
DA:791,0
DA:792,0
DA:793,0
DA:801,0
DA:802,0
DA:803,0
DA:804,0
DA:805,0
DA:809,0
DA:810,0
DA:811,0
DA:813,0
DA:814,0
DA:816,0
DA:823,0
DA:824,0
DA:828,0
DA:829,0
DA:830,0
DA:833,0
DA:837,0
DA:838,0
DA:839,0
DA:840,0
DA:841,0
DA:842,0
DA:844,0
LF:287
LH:10
BRDA:66,0,0,0
BRDA:66,0,1,0
BRDA:78,1,0,0
BRDA:78,1,1,0
BRDA:79,2,0,0
BRDA:79,2,1,0
BRDA:81,3,0,0
BRDA:81,3,1,0
BRDA:81,4,0,0
BRDA:81,4,1,0
BRDA:81,4,2,0
BRDA:81,4,3,0
BRDA:117,5,0,0
BRDA:117,5,1,0
BRDA:127,6,0,0
BRDA:127,6,1,0
BRDA:136,7,0,0
BRDA:136,7,1,0
BRDA:148,8,0,0
BRDA:148,8,1,0
BRDA:152,9,0,0
BRDA:152,9,1,0
BRDA:153,10,0,0
BRDA:153,10,1,0
BRDA:159,11,0,0
BRDA:161,12,0,0
BRDA:161,12,1,0
BRDA:163,13,0,0
BRDA:163,13,1,0
BRDA:164,14,0,0
BRDA:164,14,1,0
BRDA:165,15,0,0
BRDA:165,15,1,0
BRDA:165,16,0,0
BRDA:165,16,1,0
BRDA:166,17,0,0
BRDA:166,17,1,0
BRDA:166,18,0,0
BRDA:166,18,1,0
BRDA:167,19,0,0
BRDA:167,19,1,0
BRDA:177,20,0,0
BRDA:177,20,1,0
BRDA:177,21,0,0
BRDA:177,21,1,0
BRDA:182,22,0,0
BRDA:182,22,1,0
BRDA:183,23,0,0
BRDA:183,23,1,0
BRDA:197,24,0,5
BRDA:197,24,1,0
BRDA:205,25,0,0
BRDA:222,26,0,0
BRDA:222,26,1,0
BRDA:252,27,0,0
BRDA:252,27,1,0
BRDA:253,28,0,0
BRDA:253,28,1,0
BRDA:254,29,0,0
BRDA:254,29,1,0
BRDA:255,30,0,0
BRDA:255,30,1,0
BRDA:256,31,0,0
BRDA:256,31,1,0
BRDA:257,32,0,0
BRDA:257,32,1,0
BRDA:258,33,0,0
BRDA:258,33,1,0
BRDA:259,34,0,0
BRDA:259,34,1,0
BRDA:259,34,2,0
BRDA:260,35,0,0
BRDA:260,35,1,0
BRDA:261,36,0,0
BRDA:261,36,1,0
BRDA:262,37,0,0
BRDA:262,37,1,0
BRDA:263,38,0,0
BRDA:263,38,1,0
BRDA:270,39,0,0
BRDA:270,39,1,0
BRDA:271,40,0,0
BRDA:271,40,1,0
BRDA:274,41,0,0
BRDA:274,41,1,0
BRDA:294,42,0,0
BRDA:294,42,1,0
BRDA:294,42,2,0
BRDA:308,43,0,0
BRDA:308,43,1,0
BRDA:312,44,0,0
BRDA:313,45,0,0
BRDA:313,45,1,0
BRDA:316,46,0,0
BRDA:316,46,1,0
BRDA:316,46,2,0
BRDA:316,46,3,0
BRDA:321,47,0,0
BRDA:321,47,1,0
BRDA:321,48,0,0
BRDA:321,48,1,0
BRDA:331,49,0,0
BRDA:331,49,1,0
BRDA:332,50,0,0
BRDA:332,50,1,0
BRDA:336,51,0,0
BRDA:336,51,1,0
BRDA:343,52,0,0
BRDA:343,52,1,0
BRDA:346,53,0,0
BRDA:346,53,1,0
BRDA:361,54,0,0
BRDA:361,54,1,0
BRDA:361,55,0,0
BRDA:361,55,1,0
BRDA:361,55,2,0
BRDA:363,56,0,0
BRDA:363,56,1,0
BRDA:363,56,2,0
BRDA:363,56,3,0
BRDA:382,57,0,0
BRDA:382,57,1,0
BRDA:395,58,0,0
BRDA:395,58,1,0
BRDA:409,59,0,0
BRDA:409,59,1,0
BRDA:409,60,0,0
BRDA:409,60,1,0
BRDA:409,60,2,0
BRDA:414,61,0,0
BRDA:414,61,1,0
BRDA:432,62,0,0
BRDA:432,62,1,0
BRDA:432,63,0,0
BRDA:432,63,1,0
BRDA:432,63,2,0
BRDA:434,64,0,0
BRDA:434,64,1,0
BRDA:434,65,0,0
BRDA:434,65,1,0
BRDA:437,66,0,0
BRDA:437,66,1,0
BRDA:438,67,0,0
BRDA:438,67,1,0
BRDA:447,68,0,0
BRDA:447,68,1,0
BRDA:448,69,0,0
BRDA:448,69,1,0
BRDA:449,70,0,0
BRDA:449,70,1,0
BRDA:451,71,0,0
BRDA:451,71,1,0
BRDA:454,72,0,0
BRDA:454,72,1,0
BRDA:455,73,0,0
BRDA:455,73,1,0
BRDA:455,74,0,0
BRDA:455,74,1,0
BRDA:458,75,0,0
BRDA:458,75,1,0
BRDA:462,76,0,0
BRDA:462,76,1,0
BRDA:462,77,0,0
BRDA:462,77,1,0
BRDA:469,78,0,0
BRDA:469,78,1,0
BRDA:478,79,0,0
BRDA:478,79,1,0
BRDA:485,80,0,0
BRDA:485,80,1,3
BRDA:487,81,0,2
BRDA:487,81,1,1
BRDA:491,82,0,3
BRDA:491,82,1,0
BRDA:498,83,0,0
BRDA:498,83,1,0
BRDA:498,84,0,0
BRDA:498,84,1,0
BRDA:503,85,0,0
BRDA:503,85,1,0
BRDA:503,85,2,0
BRDA:503,85,3,0
BRDA:503,85,4,0
BRDA:503,85,5,0
BRDA:516,86,0,0
BRDA:516,86,1,0
BRDA:516,87,0,0
BRDA:516,87,1,0
BRDA:517,88,0,0
BRDA:517,88,1,0
BRDA:521,89,0,0
BRDA:521,89,1,0
BRDA:522,90,0,0
BRDA:522,90,1,0
BRDA:525,91,0,0
BRDA:525,91,1,0
BRDA:541,92,0,0
BRDA:542,93,0,0
BRDA:542,93,1,0
BRDA:542,94,0,0
BRDA:542,94,1,0
BRDA:544,95,0,0
BRDA:544,95,1,0
BRDA:544,95,2,0
BRDA:554,96,0,0
BRDA:554,96,1,0
BRDA:555,97,0,0
BRDA:555,97,1,0
BRDA:566,98,0,0
BRDA:566,98,1,0
BRDA:574,99,0,0
BRDA:574,99,1,0
BRDA:577,100,0,0
BRDA:577,100,1,0
BRDA:577,100,2,0
BRDA:578,101,0,0
BRDA:578,101,1,0
BRDA:582,102,0,0
BRDA:582,102,1,0
BRDA:584,103,0,0
BRDA:584,103,1,0
BRDA:586,104,0,0
BRDA:586,104,1,0
BRDA:600,105,0,0
BRDA:600,105,1,0
BRDA:611,106,0,0
BRDA:611,106,1,0
BRDA:621,107,0,0
BRDA:621,107,1,0
BRDA:621,108,0,0
BRDA:621,108,1,0
BRDA:637,109,0,0
BRDA:637,109,1,0
BRDA:661,110,0,0
BRDA:661,110,1,0
BRDA:690,111,0,0
BRDA:691,112,0,0
BRDA:691,112,1,0
BRDA:691,113,0,0
BRDA:691,113,1,0
BRDA:695,114,0,0
BRDA:695,114,1,0
BRDA:716,115,0,0
BRDA:716,115,1,0
BRDA:716,116,0,0
BRDA:716,116,1,0
BRDA:762,117,0,0
BRDA:762,117,1,0
BRDA:765,118,0,0
BRDA:765,118,1,0
BRDA:770,119,0,0
BRDA:770,119,1,0
BRDA:773,120,0,0
BRDA:773,120,1,0
BRDA:798,121,0,0
BRDA:799,122,0,0
BRDA:802,123,0,0
BRDA:802,123,1,0
BRDA:804,124,0,0
BRDA:804,124,1,0
BRDA:810,125,0,0
BRDA:810,125,1,0
BRDA:813,126,0,0
BRDA:813,126,1,0
BRDA:823,127,0,0
BRDA:823,127,1,0
BRDA:829,128,0,0
BRDA:829,128,1,0
BRF:268
BRH:5
end_of_record
TN:
SF:utils\iterateStoreSpecificValuesMap.ts
FN:68,iterateStoreSpecificValuesMap
FNF:1
FNH:1
FNDA:6,iterateStoreSpecificValuesMap
DA:66,6
DA:78,6
DA:81,6
DA:85,11
DA:91,11
DA:92,0
DA:93,11
DA:99,11
DA:104,42
DA:112,42
DA:116,0
DA:117,42
DA:118,0
DA:121,0
DA:132,42
DA:142,11
LF:16
LH:12
BRDA:82,0,0,6
BRDA:82,0,1,0
BRDA:85,1,0,11
BRDA:85,1,1,0
BRDA:91,2,0,0
BRDA:91,2,1,11
BRDA:93,3,0,11
BRDA:93,3,1,0
BRDA:94,4,0,11
BRDA:94,4,1,0
BRDA:94,4,2,0
BRDA:102,5,0,11
BRDA:102,5,1,0
BRDA:104,6,0,42
BRDA:104,6,1,42
BRDA:112,7,0,0
BRDA:112,7,1,42
BRDA:117,8,0,0
BRDA:117,8,1,42
BRDA:119,9,0,0
BRDA:119,9,1,0
BRDA:132,10,0,42
BRDA:132,10,1,0
BRDA:142,11,0,11
BRDA:142,11,1,0
BRF:25
BRH:12
end_of_record
TN:
SF:utils\logging.ts
FN:3,logWhenDevelopmentMode
FNF:1
FNH:0
FNDA:0,logWhenDevelopmentMode
DA:6,0
DA:7,0
LF:2
LH:0
BRDA:6,0,0,0
BRDA:6,0,1,0
BRF:2
BRH:0
end_of_record
TN:
SF:utils\parseAddress.ts
FN:7,parseAddress
FN:11,(anonymous_1)
FN:12,(anonymous_2)
FNF:3
FNH:3
FNDA:7,parseAddress
FNDA:57,(anonymous_1)
FNDA:48,(anonymous_2)
DA:8,7
DA:9,7
DA:11,57
DA:12,48
DA:14,7
DA:15,7
DA:17,7
LF:7
LH:7
BRDA:7,0,0,7
BRDA:8,1,0,0
BRDA:8,1,1,7
BRDA:19,2,0,1
BRDA:19,2,1,6
BRDA:21,3,0,4
BRDA:21,3,1,2
BRF:7
BRH:6
end_of_record
